{"/home/travis/build/npmtest/node-npmtest-react-responsive/test.js":{"path":"/home/travis/build/npmtest/node-npmtest-react-responsive/test.js","s":{"1":2,"2":2,"3":2,"4":2,"5":2,"6":2,"7":2,"8":1,"9":2,"10":2,"11":1,"12":1,"13":1,"14":1,"15":2,"16":2,"17":2,"18":2,"19":1,"20":1,"21":2,"22":2,"23":2,"24":1,"25":1,"26":1,"27":1,"28":1,"29":1,"30":1,"31":1,"32":1,"33":1,"34":1,"35":1,"36":1,"37":1,"38":1,"39":2,"40":2,"41":1,"42":2,"43":2,"44":1,"45":2,"46":2,"47":1,"48":2,"49":2,"50":1,"51":1,"52":1,"53":1,"54":1},"b":{"1":[2,1,1,1],"2":[1,1,1,1],"3":[1,1],"4":[1,1],"5":[1,1],"6":[1,1],"7":[1,1],"8":[1,1],"9":[1,1],"10":[1,1,1],"11":[1,1],"12":[1,1],"13":[1,1],"14":[1,1],"15":[1,1],"16":[1,1],"17":[1,1]},"f":{"1":2,"2":2,"3":2,"4":2,"5":2,"6":1,"7":1,"8":1,"9":2,"10":2,"11":2,"12":2,"13":1},"fnMap":{"1":{"name":"(anonymous_1)","line":12,"loc":{"start":{"line":12,"column":1},"end":{"line":12,"column":13}}},"2":{"name":"(anonymous_2)","line":19,"loc":{"start":{"line":19,"column":5},"end":{"line":19,"column":17}}},"3":{"name":"(anonymous_3)","line":23,"loc":{"start":{"line":23,"column":24},"end":{"line":23,"column":36}}},"4":{"name":"(anonymous_4)","line":61,"loc":{"start":{"line":61,"column":5},"end":{"line":61,"column":17}}},"5":{"name":"(anonymous_5)","line":82,"loc":{"start":{"line":82,"column":5},"end":{"line":82,"column":17}}},"6":{"name":"(anonymous_6)","line":91,"loc":{"start":{"line":91,"column":77},"end":{"line":94,"column":10}}},"7":{"name":"(anonymous_7)","line":112,"loc":{"start":{"line":112,"column":83},"end":{"line":115,"column":10}},"skip":true},"8":{"name":"(anonymous_8)","line":123,"loc":{"start":{"line":123,"column":77},"end":{"line":126,"column":10}},"skip":true},"9":{"name":"(anonymous_9)","line":139,"loc":{"start":{"line":139,"column":12},"end":{"line":139,"column":40}},"skip":true},"10":{"name":"(anonymous_10)","line":147,"loc":{"start":{"line":147,"column":77},"end":{"line":150,"column":10}},"skip":true},"11":{"name":"(anonymous_11)","line":158,"loc":{"start":{"line":158,"column":83},"end":{"line":161,"column":10}},"skip":true},"12":{"name":"(anonymous_12)","line":169,"loc":{"start":{"line":169,"column":79},"end":{"line":172,"column":10}},"skip":true},"13":{"name":"(anonymous_13)","line":180,"loc":{"start":{"line":180,"column":75},"end":{"line":183,"column":10}},"skip":true}},"statementMap":{"1":{"start":{"line":12,"column":0},"end":{"line":195,"column":5}},"2":{"start":{"line":14,"column":4},"end":{"line":14,"column":14}},"3":{"start":{"line":19,"column":4},"end":{"line":56,"column":9}},"4":{"start":{"line":21,"column":8},"end":{"line":21,"column":19}},"5":{"start":{"line":23,"column":8},"end":{"line":35,"column":13}},"6":{"start":{"line":24,"column":12},"end":{"line":34,"column":13}},"7":{"start":{"line":25,"column":16},"end":{"line":28,"column":30}},"8":{"start":{"line":30,"column":16},"end":{"line":33,"column":27}},"9":{"start":{"line":37,"column":8},"end":{"line":39,"column":21}},"10":{"start":{"line":40,"column":8},"end":{"line":53,"column":9}},"11":{"start":{"line":43,"column":12},"end":{"line":46,"column":14}},"12":{"start":{"line":47,"column":12},"end":{"line":47,"column":18}},"13":{"start":{"line":50,"column":12},"end":{"line":51,"column":46}},"14":{"start":{"line":52,"column":12},"end":{"line":52,"column":18}},"15":{"start":{"line":55,"column":8},"end":{"line":55,"column":35}},"16":{"start":{"line":61,"column":4},"end":{"line":63,"column":9}},"17":{"start":{"line":62,"column":8},"end":{"line":62,"column":15}},"18":{"start":{"line":64,"column":4},"end":{"line":77,"column":5}},"19":{"start":{"line":70,"column":8},"end":{"line":70,"column":14}},"20":{"start":{"line":76,"column":8},"end":{"line":76,"column":14}},"21":{"start":{"line":82,"column":4},"end":{"line":84,"column":9}},"22":{"start":{"line":83,"column":8},"end":{"line":83,"column":15}},"23":{"start":{"line":85,"column":4},"end":{"line":194,"column":5}},"24":{"start":{"line":91,"column":8},"end":{"line":99,"column":10}},"25":{"start":{"line":98,"column":12},"end":{"line":98,"column":35}},"26":{"start":{"line":102,"column":8},"end":{"line":104,"column":63}},"27":{"start":{"line":105,"column":8},"end":{"line":105,"column":14}},"28":{"start":{"line":112,"column":8},"end":{"line":121,"column":10},"skip":true},"29":{"start":{"line":119,"column":12},"end":{"line":119,"column":55},"skip":true},"30":{"start":{"line":120,"column":12},"end":{"line":120,"column":48},"skip":true},"31":{"start":{"line":123,"column":8},"end":{"line":136,"column":10},"skip":true},"32":{"start":{"line":130,"column":12},"end":{"line":130,"column":76},"skip":true},"33":{"start":{"line":131,"column":12},"end":{"line":131,"column":73},"skip":true},"34":{"start":{"line":132,"column":12},"end":{"line":132,"column":74},"skip":true},"35":{"start":{"line":133,"column":12},"end":{"line":133,"column":79},"skip":true},"36":{"start":{"line":134,"column":12},"end":{"line":134,"column":25},"skip":true},"37":{"start":{"line":135,"column":12},"end":{"line":135,"column":45},"skip":true},"38":{"start":{"line":138,"column":8},"end":{"line":145,"column":14},"skip":true},"39":{"start":{"line":143,"column":16},"end":{"line":143,"column":29},"skip":true},"40":{"start":{"line":144,"column":16},"end":{"line":144,"column":55},"skip":true},"41":{"start":{"line":147,"column":8},"end":{"line":156,"column":10},"skip":true},"42":{"start":{"line":154,"column":12},"end":{"line":154,"column":25},"skip":true},"43":{"start":{"line":155,"column":12},"end":{"line":155,"column":45},"skip":true},"44":{"start":{"line":158,"column":8},"end":{"line":167,"column":10},"skip":true},"45":{"start":{"line":165,"column":12},"end":{"line":165,"column":25},"skip":true},"46":{"start":{"line":166,"column":12},"end":{"line":166,"column":48},"skip":true},"47":{"start":{"line":169,"column":8},"end":{"line":178,"column":10},"skip":true},"48":{"start":{"line":176,"column":12},"end":{"line":176,"column":25},"skip":true},"49":{"start":{"line":177,"column":12},"end":{"line":177,"column":46},"skip":true},"50":{"start":{"line":180,"column":8},"end":{"line":189,"column":10},"skip":true},"51":{"start":{"line":187,"column":12},"end":{"line":187,"column":94},"skip":true},"52":{"start":{"line":188,"column":12},"end":{"line":188,"column":48},"skip":true},"53":{"start":{"line":192,"column":8},"end":{"line":192,"column":35},"skip":true},"54":{"start":{"line":193,"column":8},"end":{"line":193,"column":14},"skip":true}},"branchMap":{"1":{"line":25,"type":"binary-expr","locations":[{"start":{"line":25,"column":23},"end":{"line":25,"column":62}},{"start":{"line":26,"column":20},"end":{"line":26,"column":70}},{"start":{"line":27,"column":20},"end":{"line":27,"column":71}},{"start":{"line":28,"column":20},"end":{"line":28,"column":29}}]},"2":{"line":30,"type":"binary-expr","locations":[{"start":{"line":30,"column":23},"end":{"line":30,"column":37}},{"start":{"line":31,"column":20},"end":{"line":31,"column":61}},{"start":{"line":32,"column":20},"end":{"line":32,"column":70}},{"start":{"line":33,"column":20},"end":{"line":33,"column":26}}]},"3":{"line":37,"type":"cond-expr","locations":[{"start":{"line":38,"column":14},"end":{"line":38,"column":20}},{"start":{"line":39,"column":14},"end":{"line":39,"column":20}}]},"4":{"line":40,"type":"switch","locations":[{"start":{"line":42,"column":8},"end":{"line":47,"column":18}},{"start":{"line":49,"column":8},"end":{"line":52,"column":18}}]},"5":{"line":44,"type":"binary-expr","locations":[{"start":{"line":44,"column":16},"end":{"line":44,"column":44}},{"start":{"line":44,"column":48},"end":{"line":44,"column":66}}]},"6":{"line":50,"type":"binary-expr","locations":[{"start":{"line":50,"column":21},"end":{"line":50,"column":49}},{"start":{"line":50,"column":53},"end":{"line":50,"column":72}}]},"7":{"line":64,"type":"switch","locations":[{"start":{"line":69,"column":4},"end":{"line":70,"column":14}},{"start":{"line":75,"column":4},"end":{"line":76,"column":14}}]},"8":{"line":85,"type":"switch","locations":[{"start":{"line":90,"column":4},"end":{"line":105,"column":14}},{"start":{"line":111,"column":4},"end":{"line":193,"column":14},"skip":true}]},"9":{"line":91,"type":"binary-expr","locations":[{"start":{"line":91,"column":42},"end":{"line":91,"column":73}},{"start":{"line":91,"column":77},"end":{"line":99,"column":9}}]},"10":{"line":102,"type":"binary-expr","locations":[{"start":{"line":102,"column":18},"end":{"line":102,"column":32}},{"start":{"line":103,"column":12},"end":{"line":103,"column":53}},{"start":{"line":104,"column":12},"end":{"line":104,"column":61}}]},"11":{"line":112,"type":"binary-expr","locations":[{"start":{"line":112,"column":45},"end":{"line":112,"column":79},"skip":true},{"start":{"line":112,"column":83},"end":{"line":121,"column":9},"skip":true}]},"12":{"line":123,"type":"binary-expr","locations":[{"start":{"line":123,"column":42},"end":{"line":123,"column":73},"skip":true},{"start":{"line":123,"column":77},"end":{"line":136,"column":9},"skip":true}]},"13":{"line":138,"type":"binary-expr","locations":[{"start":{"line":138,"column":48},"end":{"line":138,"column":85},"skip":true},{"start":{"line":139,"column":12},"end":{"line":145,"column":13},"skip":true}]},"14":{"line":147,"type":"binary-expr","locations":[{"start":{"line":147,"column":42},"end":{"line":147,"column":73},"skip":true},{"start":{"line":147,"column":77},"end":{"line":156,"column":9},"skip":true}]},"15":{"line":158,"type":"binary-expr","locations":[{"start":{"line":158,"column":45},"end":{"line":158,"column":79},"skip":true},{"start":{"line":158,"column":83},"end":{"line":167,"column":9},"skip":true}]},"16":{"line":169,"type":"binary-expr","locations":[{"start":{"line":169,"column":43},"end":{"line":169,"column":75},"skip":true},{"start":{"line":169,"column":79},"end":{"line":178,"column":9},"skip":true}]},"17":{"line":180,"type":"binary-expr","locations":[{"start":{"line":180,"column":41},"end":{"line":180,"column":71},"skip":true},{"start":{"line":180,"column":75},"end":{"line":189,"column":9},"skip":true}]}},"code":["/* istanbul instrument in package npmtest_react_responsive */","/*jslint","    bitwise: true,","    browser: true,","    maxerr: 8,","    maxlen: 96,","    node: true,","    nomen: true,","    regexp: true,","    stupid: true","*/","(function () {","    'use strict';","    var local;","","","","    // run shared js-env code - pre-init","    (function () {","        // init local","        local = {};","        // init modeJs","        local.modeJs = (function () {","            try {","                return typeof navigator.userAgent === 'string' &&","                    typeof document.querySelector('body') === 'object' &&","                    typeof XMLHttpRequest.prototype.open === 'function' &&","                    'browser';","            } catch (errorCaughtBrowser) {","                return module.exports &&","                    typeof process.versions.node === 'string' &&","                    typeof require('http').createServer === 'function' &&","                    'node';","            }","        }());","        // init global","        local.global = local.modeJs === 'browser'","            ? window","            : global;","        switch (local.modeJs) {","        // re-init local from window.local","        case 'browser':","            local = local.global.utility2.objectSetDefault(","                local.global.utility2_rollup || local.global.local,","                local.global.utility2","            );","            break;","        // re-init local from example.js","        case 'node':","            local = (local.global.utility2_rollup || require('utility2'))","                .requireExampleJsFromReadme();","            break;","        }","        // export local","        local.global.local = local;","    }());","","","","    // run shared js-env code - function","    (function () {","        return;","    }());","    switch (local.modeJs) {","","","","    // run browser js-env code - function","    case 'browser':","        break;","","","","    // run node js-env code - function","    case 'node':","        break;","    }","","","","    // run shared js-env code - post-init","    (function () {","        return;","    }());","    switch (local.modeJs) {","","","","    // run browser js-env code - post-init","    case 'browser':","        local.testCase_browser_nullCase = local.testCase_browser_nullCase || function (","            options,","            onError","        ) {","        /*","         * this function will test browsers's null-case handling-behavior-behavior","         */","            onError(null, options);","        };","","        // run tests","        local.nop(local.modeTest &&","            document.querySelector('#testRunButton1') &&","            document.querySelector('#testRunButton1').click());","        break;","","","","    // run node js-env code - post-init","    /* istanbul ignore next */","    case 'node':","        local.testCase_buildApidoc_default = local.testCase_buildApidoc_default || function (","            options,","            onError","        ) {","        /*","         * this function will test buildApidoc's default handling-behavior-behavior","         */","            options = { modulePathList: module.paths };","            local.buildApidoc(options, onError);","        };","","        local.testCase_buildApp_default = local.testCase_buildApp_default || function (","            options,","            onError","        ) {","        /*","         * this function will test buildApp's default handling-behavior-behavior","         */","            local.testCase_buildReadme_default(options, local.onErrorThrow);","            local.testCase_buildLib_default(options, local.onErrorThrow);","            local.testCase_buildTest_default(options, local.onErrorThrow);","            local.testCase_buildCustomOrg_default(options, local.onErrorThrow);","            options = [];","            local.buildApp(options, onError);","        };","","        local.testCase_buildCustomOrg_default = local.testCase_buildCustomOrg_default ||","            function (options, onError) {","            /*","             * this function will test buildCustomOrg's default handling-behavior","             */","                options = {};","                local.buildCustomOrg(options, onError);","            };","","        local.testCase_buildLib_default = local.testCase_buildLib_default || function (","            options,","            onError","        ) {","        /*","         * this function will test buildLib's default handling-behavior","         */","            options = {};","            local.buildLib(options, onError);","        };","","        local.testCase_buildReadme_default = local.testCase_buildReadme_default || function (","            options,","            onError","        ) {","        /*","         * this function will test buildReadme's default handling-behavior-behavior","         */","            options = {};","            local.buildReadme(options, onError);","        };","","        local.testCase_buildTest_default = local.testCase_buildTest_default || function (","            options,","            onError","        ) {","        /*","         * this function will test buildTest's default handling-behavior","         */","            options = {};","            local.buildTest(options, onError);","        };","","        local.testCase_webpage_default = local.testCase_webpage_default || function (","            options,","            onError","        ) {","        /*","         * this function will test webpage's default handling-behavior","         */","            options = { modeCoverageMerge: true, url: local.serverLocalHost + '?modeTest=1' };","            local.browserTest(options, onError);","        };","","        // run test-server","        local.testRunServer(local);","        break;","    }","}());",""],"l":{"12":2,"14":2,"19":2,"21":2,"23":2,"24":2,"25":2,"30":1,"37":2,"40":2,"43":1,"47":1,"50":1,"52":1,"55":2,"61":2,"62":2,"64":2,"70":1,"76":1,"82":2,"83":2,"85":2,"91":1,"98":1,"102":1,"105":1,"112":1,"119":1,"120":1,"123":1,"130":1,"131":1,"132":1,"133":1,"134":1,"135":1,"138":1,"143":2,"144":2,"147":1,"154":2,"155":2,"158":1,"165":2,"166":2,"169":1,"176":2,"177":2,"180":1,"187":1,"188":1,"192":1,"193":1}},"/home/travis/build/npmtest/node-npmtest-react-responsive/lib.npmtest_react_responsive.js":{"path":"/home/travis/build/npmtest/node-npmtest-react-responsive/lib.npmtest_react_responsive.js","s":{"1":2,"2":2,"3":2,"4":2,"5":2,"6":2,"7":2,"8":1,"9":2,"10":2,"11":2,"12":2,"13":1,"14":1,"15":1,"16":1},"b":{"1":[2,1,1,1],"2":[1,1,1,1],"3":[1,1],"4":[2,2],"5":[1,1]},"f":{"1":2,"2":2,"3":2},"fnMap":{"1":{"name":"(anonymous_1)","line":12,"loc":{"start":{"line":12,"column":1},"end":{"line":12,"column":13}}},"2":{"name":"(anonymous_2)","line":19,"loc":{"start":{"line":19,"column":5},"end":{"line":19,"column":17}}},"3":{"name":"(anonymous_3)","line":23,"loc":{"start":{"line":23,"column":24},"end":{"line":23,"column":36}}}},"statementMap":{"1":{"start":{"line":12,"column":0},"end":{"line":53,"column":5}},"2":{"start":{"line":14,"column":4},"end":{"line":14,"column":14}},"3":{"start":{"line":19,"column":4},"end":{"line":52,"column":9}},"4":{"start":{"line":21,"column":8},"end":{"line":21,"column":19}},"5":{"start":{"line":23,"column":8},"end":{"line":35,"column":13}},"6":{"start":{"line":24,"column":12},"end":{"line":34,"column":13}},"7":{"start":{"line":25,"column":16},"end":{"line":28,"column":30}},"8":{"start":{"line":30,"column":16},"end":{"line":33,"column":27}},"9":{"start":{"line":37,"column":8},"end":{"line":39,"column":21}},"10":{"start":{"line":41,"column":8},"end":{"line":41,"column":54}},"11":{"start":{"line":43,"column":8},"end":{"line":43,"column":61}},"12":{"start":{"line":45,"column":8},"end":{"line":51,"column":9}},"13":{"start":{"line":46,"column":12},"end":{"line":46,"column":67}},"14":{"start":{"line":48,"column":12},"end":{"line":48,"column":35}},"15":{"start":{"line":49,"column":12},"end":{"line":49,"column":49}},"16":{"start":{"line":50,"column":12},"end":{"line":50,"column":43}}},"branchMap":{"1":{"line":25,"type":"binary-expr","locations":[{"start":{"line":25,"column":23},"end":{"line":25,"column":62}},{"start":{"line":26,"column":20},"end":{"line":26,"column":70}},{"start":{"line":27,"column":20},"end":{"line":27,"column":71}},{"start":{"line":28,"column":20},"end":{"line":28,"column":29}}]},"2":{"line":30,"type":"binary-expr","locations":[{"start":{"line":30,"column":23},"end":{"line":30,"column":37}},{"start":{"line":31,"column":20},"end":{"line":31,"column":61}},{"start":{"line":32,"column":20},"end":{"line":32,"column":70}},{"start":{"line":33,"column":20},"end":{"line":33,"column":26}}]},"3":{"line":37,"type":"cond-expr","locations":[{"start":{"line":38,"column":14},"end":{"line":38,"column":20}},{"start":{"line":39,"column":14},"end":{"line":39,"column":20}}]},"4":{"line":41,"type":"binary-expr","locations":[{"start":{"line":41,"column":16},"end":{"line":41,"column":44}},{"start":{"line":41,"column":48},"end":{"line":41,"column":53}}]},"5":{"line":45,"type":"if","locations":[{"start":{"line":45,"column":8},"end":{"line":45,"column":8}},{"start":{"line":45,"column":8},"end":{"line":45,"column":8}}]}},"code":["/* istanbul instrument in package npmtest_react_responsive */","/*jslint","    bitwise: true,","    browser: true,","    maxerr: 8,","    maxlen: 96,","    node: true,","    nomen: true,","    regexp: true,","    stupid: true","*/","(function () {","    'use strict';","    var local;","","","","    // run shared js-env code - pre-init","    (function () {","        // init local","        local = {};","        // init modeJs","        local.modeJs = (function () {","            try {","                return typeof navigator.userAgent === 'string' &&","                    typeof document.querySelector('body') === 'object' &&","                    typeof XMLHttpRequest.prototype.open === 'function' &&","                    'browser';","            } catch (errorCaughtBrowser) {","                return module.exports &&","                    typeof process.versions.node === 'string' &&","                    typeof require('http').createServer === 'function' &&","                    'node';","            }","        }());","        // init global","        local.global = local.modeJs === 'browser'","            ? window","            : global;","        // init utility2_rollup","        local = local.global.utility2_rollup || local;","        // init lib","        local.local = local.npmtest_react_responsive = local;","        // init exports","        if (local.modeJs === 'browser') {","            local.global.utility2_npmtest_react_responsive = local;","        } else {","            module.exports = local;","            module.exports.__dirname = __dirname;","            module.exports.module = module;","        }","    }());","}());",""],"l":{"12":2,"14":2,"19":2,"21":2,"23":2,"24":2,"25":2,"30":1,"37":2,"41":2,"43":2,"45":2,"46":1,"48":1,"49":1,"50":1}},"/home/travis/build/npmtest/node-npmtest-react-responsive/example.js":{"path":"/home/travis/build/npmtest/node-npmtest-react-responsive/example.js","s":{"1":2,"2":2,"3":2,"4":2,"5":2,"6":2,"7":2,"8":1,"9":2,"10":2,"11":2,"12":2,"13":1,"14":2,"15":2,"16":2,"17":2,"18":2,"19":0,"20":2,"21":1,"22":1,"23":1,"24":1,"25":1,"26":0,"27":0,"28":1,"29":1,"30":2,"31":0,"32":0,"33":0,"34":1,"35":2,"36":2,"37":3,"38":3,"39":3,"40":3,"41":0,"42":3,"43":3,"44":3,"45":1,"46":3,"47":1,"48":1,"49":1,"50":1,"51":1,"52":1,"53":1,"54":1,"55":1,"56":1,"57":0,"58":1,"59":6,"60":6,"61":1,"62":2,"63":0,"64":2,"65":1,"66":1,"67":0,"68":0,"69":0,"70":0,"71":0,"72":0,"73":0,"74":0,"75":0,"76":0,"77":0,"78":0,"79":0,"80":0,"81":0,"82":0,"83":0},"b":{"1":[2,1,1,1],"2":[1,1,1,1],"3":[1,1],"4":[2,2],"5":[1,1],"6":[1,1],"7":[2,0],"8":[2,1,1,1,1,1],"9":[0,2,0],"10":[1,1],"11":[2,1,1],"12":[1,0],"13":[0,2],"14":[2,0,0,0,0,0,0],"15":[0,3],"16":[3,0],"17":[1,1],"18":[0,1],"19":[1,2,0,2],"20":[1,0],"21":[1,1],"22":[0,0],"23":[0,0],"24":[0,0],"25":[0,0],"26":[0,0],"27":[0,0],"28":[0,0]},"f":{"1":2,"2":2,"3":2,"4":2,"5":2,"6":2,"7":3,"8":3,"9":3,"10":1,"11":6,"12":0},"fnMap":{"1":{"name":"(anonymous_1)","line":26,"loc":{"start":{"line":26,"column":1},"end":{"line":26,"column":13}}},"2":{"name":"(anonymous_2)","line":33,"loc":{"start":{"line":33,"column":5},"end":{"line":33,"column":17}}},"3":{"name":"(anonymous_3)","line":37,"loc":{"start":{"line":37,"column":24},"end":{"line":37,"column":36}}},"4":{"name":"(anonymous_4)","line":69,"loc":{"start":{"line":69,"column":31},"end":{"line":69,"column":48}},"skip":true},"5":{"name":"(anonymous_5)","line":78,"loc":{"start":{"line":78,"column":26},"end":{"line":78,"column":45}},"skip":true},"6":{"name":"(anonymous_6)","line":123,"loc":{"start":{"line":123,"column":33},"end":{"line":123,"column":48}},"skip":true},"7":{"name":"(anonymous_7)","line":125,"loc":{"start":{"line":125,"column":27},"end":{"line":125,"column":39}},"skip":true},"8":{"name":"(anonymous_8)","line":133,"loc":{"start":{"line":133,"column":59},"end":{"line":133,"column":74}},"skip":true},"9":{"name":"(anonymous_9)","line":143,"loc":{"start":{"line":143,"column":45},"end":{"line":143,"column":62}},"skip":true},"10":{"name":"(anonymous_10)","line":144,"loc":{"start":{"line":144,"column":73},"end":{"line":144,"column":92}},"skip":true},"11":{"name":"(anonymous_11)","line":272,"loc":{"start":{"line":272,"column":51},"end":{"line":272,"column":77}},"skip":true},"12":{"name":"(anonymous_12)","line":315,"loc":{"start":{"line":315,"column":32},"end":{"line":315,"column":61}},"skip":true}},"statementMap":{"1":{"start":{"line":26,"column":0},"end":{"line":326,"column":5}},"2":{"start":{"line":28,"column":4},"end":{"line":28,"column":14}},"3":{"start":{"line":33,"column":4},"end":{"line":60,"column":9}},"4":{"start":{"line":35,"column":8},"end":{"line":35,"column":19}},"5":{"start":{"line":37,"column":8},"end":{"line":49,"column":13}},"6":{"start":{"line":38,"column":12},"end":{"line":48,"column":13}},"7":{"start":{"line":39,"column":16},"end":{"line":42,"column":30}},"8":{"start":{"line":44,"column":16},"end":{"line":47,"column":27}},"9":{"start":{"line":51,"column":8},"end":{"line":53,"column":21}},"10":{"start":{"line":55,"column":8},"end":{"line":57,"column":45}},"11":{"start":{"line":59,"column":8},"end":{"line":59,"column":35}},"12":{"start":{"line":61,"column":4},"end":{"line":325,"column":5}},"13":{"start":{"line":69,"column":8},"end":{"line":121,"column":10},"skip":true},"14":{"start":{"line":70,"column":12},"end":{"line":88,"column":13},"skip":true},"15":{"start":{"line":76,"column":16},"end":{"line":87,"column":19},"skip":true},"16":{"start":{"line":79,"column":20},"end":{"line":86,"column":21},"skip":true},"17":{"start":{"line":82,"column":24},"end":{"line":82,"column":43},"skip":true},"18":{"start":{"line":83,"column":24},"end":{"line":83,"column":30},"skip":true},"19":{"start":{"line":85,"column":24},"end":{"line":85,"column":49},"skip":true},"20":{"start":{"line":89,"column":12},"end":{"line":107,"column":13},"skip":true},"21":{"start":{"line":92,"column":16},"end":{"line":102,"column":17},"skip":true},"22":{"start":{"line":93,"column":20},"end":{"line":93,"column":86},"skip":true},"23":{"start":{"line":94,"column":20},"end":{"line":95,"column":45},"skip":true},"24":{"start":{"line":96,"column":20},"end":{"line":96,"column":42},"skip":true},"25":{"start":{"line":97,"column":20},"end":{"line":97,"column":48},"skip":true},"26":{"start":{"line":100,"column":20},"end":{"line":100,"column":85},"skip":true},"27":{"start":{"line":101,"column":20},"end":{"line":101,"column":96},"skip":true},"28":{"start":{"line":103,"column":16},"end":{"line":103,"column":22},"skip":true},"29":{"start":{"line":106,"column":16},"end":{"line":106,"column":22},"skip":true},"30":{"start":{"line":108,"column":12},"end":{"line":120,"column":13},"skip":true},"31":{"start":{"line":114,"column":16},"end":{"line":119,"column":17},"skip":true},"32":{"start":{"line":116,"column":20},"end":{"line":116,"column":78},"skip":true},"33":{"start":{"line":118,"column":20},"end":{"line":118,"column":47},"skip":true},"34":{"start":{"line":123,"column":8},"end":{"line":141,"column":11},"skip":true},"35":{"start":{"line":124,"column":12},"end":{"line":124,"column":54},"skip":true},"36":{"start":{"line":125,"column":12},"end":{"line":140,"column":14},"skip":true},"37":{"start":{"line":126,"column":16},"end":{"line":126,"column":28},"skip":true},"38":{"start":{"line":127,"column":16},"end":{"line":127,"column":69},"skip":true},"39":{"start":{"line":128,"column":16},"end":{"line":128,"column":75},"skip":true},"40":{"start":{"line":129,"column":16},"end":{"line":131,"column":17},"skip":true},"41":{"start":{"line":130,"column":20},"end":{"line":130,"column":27},"skip":true},"42":{"start":{"line":133,"column":16},"end":{"line":137,"column":36},"skip":true},"43":{"start":{"line":134,"column":20},"end":{"line":136,"column":55},"skip":true},"44":{"start":{"line":139,"column":16},"end":{"line":139,"column":57},"skip":true},"45":{"start":{"line":143,"column":8},"end":{"line":147,"column":11},"skip":true},"46":{"start":{"line":144,"column":12},"end":{"line":146,"column":15},"skip":true},"47":{"start":{"line":145,"column":16},"end":{"line":145,"column":70},"skip":true},"48":{"start":{"line":149,"column":8},"end":{"line":149,"column":31},"skip":true},"49":{"start":{"line":150,"column":8},"end":{"line":150,"column":14},"skip":true},"50":{"start":{"line":158,"column":8},"end":{"line":158,"column":31},"skip":true},"51":{"start":{"line":160,"column":8},"end":{"line":160,"column":33},"skip":true},"52":{"start":{"line":161,"column":8},"end":{"line":161,"column":37},"skip":true},"53":{"start":{"line":162,"column":8},"end":{"line":162,"column":35},"skip":true},"54":{"start":{"line":164,"column":8},"end":{"line":164,"column":50},"skip":true},"55":{"start":{"line":166,"column":8},"end":{"line":256,"column":2},"skip":true},"56":{"start":{"line":258,"column":8},"end":{"line":286,"column":9},"skip":true},"57":{"start":{"line":259,"column":12},"end":{"line":269,"column":14},"skip":true},"58":{"start":{"line":271,"column":12},"end":{"line":285,"column":19},"skip":true},"59":{"start":{"line":274,"column":20},"end":{"line":274,"column":35},"skip":true},"60":{"start":{"line":275,"column":20},"end":{"line":284,"column":21},"skip":true},"61":{"start":{"line":277,"column":24},"end":{"line":277,"column":64},"skip":true},"62":{"start":{"line":279,"column":24},"end":{"line":279,"column":40},"skip":true},"63":{"start":{"line":281,"column":24},"end":{"line":281,"column":40},"skip":true},"64":{"start":{"line":283,"column":24},"end":{"line":283,"column":39},"skip":true},"65":{"start":{"line":288,"column":8},"end":{"line":290,"column":9},"skip":true},"66":{"start":{"line":289,"column":12},"end":{"line":289,"column":18},"skip":true},"67":{"start":{"line":291,"column":8},"end":{"line":293,"column":54},"skip":true},"68":{"start":{"line":296,"column":8},"end":{"line":301,"column":37},"skip":true},"69":{"start":{"line":303,"column":8},"end":{"line":303,"column":82},"skip":true},"70":{"start":{"line":306,"column":8},"end":{"line":308,"column":9},"skip":true},"71":{"start":{"line":307,"column":12},"end":{"line":307,"column":82},"skip":true},"72":{"start":{"line":310,"column":8},"end":{"line":312,"column":9},"skip":true},"73":{"start":{"line":311,"column":12},"end":{"line":311,"column":18},"skip":true},"74":{"start":{"line":313,"column":8},"end":{"line":313,"column":54},"skip":true},"75":{"start":{"line":314,"column":8},"end":{"line":314,"column":69},"skip":true},"76":{"start":{"line":315,"column":8},"end":{"line":323,"column":36},"skip":true},"77":{"start":{"line":316,"column":12},"end":{"line":316,"column":61},"skip":true},"78":{"start":{"line":317,"column":12},"end":{"line":320,"column":13},"skip":true},"79":{"start":{"line":318,"column":16},"end":{"line":318,"column":75},"skip":true},"80":{"start":{"line":319,"column":16},"end":{"line":319,"column":23},"skip":true},"81":{"start":{"line":321,"column":12},"end":{"line":321,"column":38},"skip":true},"82":{"start":{"line":322,"column":12},"end":{"line":322,"column":27},"skip":true},"83":{"start":{"line":324,"column":8},"end":{"line":324,"column":14},"skip":true}},"branchMap":{"1":{"line":39,"type":"binary-expr","locations":[{"start":{"line":39,"column":23},"end":{"line":39,"column":62}},{"start":{"line":40,"column":20},"end":{"line":40,"column":70}},{"start":{"line":41,"column":20},"end":{"line":41,"column":71}},{"start":{"line":42,"column":20},"end":{"line":42,"column":29}}]},"2":{"line":44,"type":"binary-expr","locations":[{"start":{"line":44,"column":23},"end":{"line":44,"column":37}},{"start":{"line":45,"column":20},"end":{"line":45,"column":61}},{"start":{"line":46,"column":20},"end":{"line":46,"column":70}},{"start":{"line":47,"column":20},"end":{"line":47,"column":26}}]},"3":{"line":51,"type":"cond-expr","locations":[{"start":{"line":52,"column":14},"end":{"line":52,"column":20}},{"start":{"line":53,"column":14},"end":{"line":53,"column":20}}]},"4":{"line":55,"type":"binary-expr","locations":[{"start":{"line":55,"column":16},"end":{"line":55,"column":44}},{"start":{"line":55,"column":49},"end":{"line":57,"column":43}}]},"5":{"line":55,"type":"cond-expr","locations":[{"start":{"line":56,"column":14},"end":{"line":56,"column":60}},{"start":{"line":57,"column":14},"end":{"line":57,"column":43}}]},"6":{"line":61,"type":"switch","locations":[{"start":{"line":68,"column":4},"end":{"line":150,"column":14},"skip":true},{"start":{"line":156,"column":4},"end":{"line":324,"column":14},"skip":true}]},"7":{"line":70,"type":"if","locations":[{"start":{"line":70,"column":12},"end":{"line":70,"column":12},"skip":true},{"start":{"line":70,"column":12},"end":{"line":70,"column":12},"skip":true}]},"8":{"line":70,"type":"binary-expr","locations":[{"start":{"line":70,"column":16},"end":{"line":70,"column":22},"skip":true},{"start":{"line":70,"column":27},"end":{"line":70,"column":32},"skip":true},{"start":{"line":71,"column":20},"end":{"line":71,"column":39},"skip":true},{"start":{"line":72,"column":20},"end":{"line":72,"column":49},"skip":true},{"start":{"line":73,"column":20},"end":{"line":73,"column":58},"skip":true},{"start":{"line":74,"column":20},"end":{"line":74,"column":69},"skip":true}]},"9":{"line":79,"type":"switch","locations":[{"start":{"line":80,"column":20},"end":{"line":80,"column":33},"skip":true},{"start":{"line":81,"column":20},"end":{"line":83,"column":30},"skip":true},{"start":{"line":84,"column":20},"end":{"line":85,"column":49},"skip":true}]},"10":{"line":89,"type":"switch","locations":[{"start":{"line":90,"column":12},"end":{"line":103,"column":22},"skip":true},{"start":{"line":105,"column":12},"end":{"line":106,"column":22},"skip":true}]},"11":{"line":89,"type":"binary-expr","locations":[{"start":{"line":89,"column":20},"end":{"line":89,"column":25},"skip":true},{"start":{"line":89,"column":29},"end":{"line":89,"column":48},"skip":true},{"start":{"line":89,"column":52},"end":{"line":89,"column":74},"skip":true}]},"12":{"line":92,"type":"if","locations":[{"start":{"line":92,"column":16},"end":{"line":92,"column":16},"skip":true},{"start":{"line":92,"column":16},"end":{"line":92,"column":16},"skip":true}]},"13":{"line":108,"type":"if","locations":[{"start":{"line":108,"column":12},"end":{"line":108,"column":12},"skip":true},{"start":{"line":108,"column":12},"end":{"line":108,"column":12},"skip":true}]},"14":{"line":108,"type":"binary-expr","locations":[{"start":{"line":108,"column":16},"end":{"line":108,"column":61},"skip":true},{"start":{"line":108,"column":66},"end":{"line":108,"column":72},"skip":true},{"start":{"line":108,"column":77},"end":{"line":108,"column":82},"skip":true},{"start":{"line":109,"column":20},"end":{"line":109,"column":39},"skip":true},{"start":{"line":110,"column":20},"end":{"line":110,"column":49},"skip":true},{"start":{"line":111,"column":20},"end":{"line":111,"column":58},"skip":true},{"start":{"line":112,"column":20},"end":{"line":112,"column":68},"skip":true}]},"15":{"line":129,"type":"if","locations":[{"start":{"line":129,"column":16},"end":{"line":129,"column":16},"skip":true},{"start":{"line":129,"column":16},"end":{"line":129,"column":16},"skip":true}]},"16":{"line":134,"type":"cond-expr","locations":[{"start":{"line":135,"column":26},"end":{"line":135,"column":29},"skip":true},{"start":{"line":136,"column":26},"end":{"line":136,"column":54},"skip":true}]},"17":{"line":164,"type":"binary-expr","locations":[{"start":{"line":164,"column":27},"end":{"line":164,"column":43},"skip":true},{"start":{"line":164,"column":47},"end":{"line":164,"column":49},"skip":true}]},"18":{"line":258,"type":"if","locations":[{"start":{"line":258,"column":8},"end":{"line":258,"column":8},"skip":true},{"start":{"line":258,"column":8},"end":{"line":258,"column":8},"skip":true}]},"19":{"line":275,"type":"switch","locations":[{"start":{"line":276,"column":20},"end":{"line":277,"column":64},"skip":true},{"start":{"line":278,"column":20},"end":{"line":279,"column":40},"skip":true},{"start":{"line":280,"column":20},"end":{"line":281,"column":40},"skip":true},{"start":{"line":282,"column":20},"end":{"line":283,"column":39},"skip":true}]},"20":{"line":288,"type":"if","locations":[{"start":{"line":288,"column":8},"end":{"line":288,"column":8},"skip":true},{"start":{"line":288,"column":8},"end":{"line":288,"column":8},"skip":true}]},"21":{"line":288,"type":"binary-expr","locations":[{"start":{"line":288,"column":12},"end":{"line":288,"column":40},"skip":true},{"start":{"line":288,"column":44},"end":{"line":288,"column":67},"skip":true}]},"22":{"line":292,"type":"binary-expr","locations":[{"start":{"line":292,"column":12},"end":{"line":292,"column":50},"skip":true},{"start":{"line":293,"column":12},"end":{"line":293,"column":53},"skip":true}]},"23":{"line":297,"type":"binary-expr","locations":[{"start":{"line":297,"column":12},"end":{"line":297,"column":74},"skip":true},{"start":{"line":298,"column":12},"end":{"line":301,"column":36},"skip":true}]},"24":{"line":303,"type":"binary-expr","locations":[{"start":{"line":303,"column":43},"end":{"line":303,"column":75},"skip":true},{"start":{"line":303,"column":79},"end":{"line":303,"column":81},"skip":true}]},"25":{"line":306,"type":"if","locations":[{"start":{"line":306,"column":8},"end":{"line":306,"column":8},"skip":true},{"start":{"line":306,"column":8},"end":{"line":306,"column":8},"skip":true}]},"26":{"line":310,"type":"if","locations":[{"start":{"line":310,"column":8},"end":{"line":310,"column":8},"skip":true},{"start":{"line":310,"column":8},"end":{"line":310,"column":8},"skip":true}]},"27":{"line":313,"type":"binary-expr","locations":[{"start":{"line":313,"column":27},"end":{"line":313,"column":43},"skip":true},{"start":{"line":313,"column":47},"end":{"line":313,"column":53},"skip":true}]},"28":{"line":317,"type":"if","locations":[{"start":{"line":317,"column":12},"end":{"line":317,"column":12},"skip":true},{"start":{"line":317,"column":12},"end":{"line":317,"column":12},"skip":true}]}},"code":["/*","example.js","","quickstart example","","instruction","    1. save this script as example.js","    2. run the shell command:","        $ npm install npmtest-react-responsive && PORT=8081 node example.js","    3. play with the browser-demo on http://127.0.0.1:8081","*/","","","","/* istanbul instrument in package npmtest_react_responsive */","/*jslint","    bitwise: true,","    browser: true,","    maxerr: 8,","    maxlen: 96,","    node: true,","    nomen: true,","    regexp: true,","    stupid: true","*/","(function () {","    'use strict';","    var local;","","","","    // run shared js-env code - pre-init","    (function () {","        // init local","        local = {};","        // init modeJs","        local.modeJs = (function () {","            try {","                return typeof navigator.userAgent === 'string' &&","                    typeof document.querySelector('body') === 'object' &&","                    typeof XMLHttpRequest.prototype.open === 'function' &&","                    'browser';","            } catch (errorCaughtBrowser) {","                return module.exports &&","                    typeof process.versions.node === 'string' &&","                    typeof require('http').createServer === 'function' &&","                    'node';","            }","        }());","        // init global","        local.global = local.modeJs === 'browser'","            ? window","            : global;","        // init utility2_rollup","        local = local.global.utility2_rollup || (local.modeJs === 'browser'","            ? local.global.utility2_npmtest_react_responsive","            : global.utility2_moduleExports);","        // export local","        local.global.local = local;","    }());","    switch (local.modeJs) {","","","","    // post-init","    // run browser js-env code - post-init","    /* istanbul ignore next */","    case 'browser':","        local.testRunBrowser = function (event) {","            if (!event || (event &&","                    event.currentTarget &&","                    event.currentTarget.className &&","                    event.currentTarget.className.includes &&","                    event.currentTarget.className.includes('onreset'))) {","                // reset output","                Array.from(","                    document.querySelectorAll('body > .resettable')","                ).forEach(function (element) {","                    switch (element.tagName) {","                    case 'INPUT':","                    case 'TEXTAREA':","                        element.value = '';","                        break;","                    default:","                        element.textContent = '';","                    }","                });","            }","            switch (event && event.currentTarget && event.currentTarget.id) {","            case 'testRunButton1':","                // show tests","                if (document.querySelector('#testReportDiv1').style.display === 'none') {","                    document.querySelector('#testReportDiv1').style.display = 'block';","                    document.querySelector('#testRunButton1').textContent =","                        'hide internal test';","                    local.modeTest = true;","                    local.testRunDefault(local);","                // hide tests","                } else {","                    document.querySelector('#testReportDiv1').style.display = 'none';","                    document.querySelector('#testRunButton1').textContent = 'run internal test';","                }","                break;","            // custom-case","            default:","                break;","            }","            if (document.querySelector('#inputTextareaEval1') && (!event || (event &&","                    event.currentTarget &&","                    event.currentTarget.className &&","                    event.currentTarget.className.includes &&","                    event.currentTarget.className.includes('oneval')))) {","                // try to eval input-code","                try {","                    /*jslint evil: true*/","                    eval(document.querySelector('#inputTextareaEval1').value);","                } catch (errorCaught) {","                    console.error(errorCaught);","                }","            }","        };","        // log stderr and stdout to #outputTextareaStdout1","        ['error', 'log'].forEach(function (key) {","            console[key + '_original'] = console[key];","            console[key] = function () {","                var element;","                console[key + '_original'].apply(console, arguments);","                element = document.querySelector('#outputTextareaStdout1');","                if (!element) {","                    return;","                }","                // append text to #outputTextareaStdout1","                element.value += Array.from(arguments).map(function (arg) {","                    return typeof arg === 'string'","                        ? arg","                        : JSON.stringify(arg, null, 4);","                }).join(' ') + '\\n';","                // scroll textarea to bottom","                element.scrollTop = element.scrollHeight;","            };","        });","        // init event-handling","        ['change', 'click', 'keyup'].forEach(function (event) {","            Array.from(document.querySelectorAll('.on' + event)).forEach(function (element) {","                element.addEventListener(event, local.testRunBrowser);","            });","        });","        // run tests","        local.testRunBrowser();","        break;","","","","    // run node js-env code - post-init","    /* istanbul ignore next */","    case 'node':","        // export local","        module.exports = local;","        // require modules","        local.fs = require('fs');","        local.http = require('http');","        local.url = require('url');","        // init assets","        local.assetsDict = local.assetsDict || {};","        /* jslint-ignore-begin */","        local.assetsDict['/assets.index.template.html'] = '\\","<!doctype html>\\n\\","<html lang=\"en\">\\n\\","<head>\\n\\","<meta charset=\"UTF-8\">\\n\\","<meta name=\"viewport\" content=\"width=device-width, initial-scale=1\">\\n\\","<title>{{env.npm_package_name}} (v{{env.npm_package_version}})</title>\\n\\","<style>\\n\\","/*csslint\\n\\","    box-sizing: false,\\n\\","    universal-selector: false\\n\\","*/\\n\\","* {\\n\\","    box-sizing: border-box;\\n\\","}\\n\\","body {\\n\\","    background: #dde;\\n\\","    font-family: Arial, Helvetica, sans-serif;\\n\\","    margin: 2rem;\\n\\","}\\n\\","body > * {\\n\\","    margin-bottom: 1rem;\\n\\","}\\n\\",".utility2FooterDiv {\\n\\","    margin-top: 20px;\\n\\","    text-align: center;\\n\\","}\\n\\","</style>\\n\\","<style>\\n\\","/*csslint\\n\\","*/\\n\\","textarea {\\n\\","    font-family: monospace;\\n\\","    height: 10rem;\\n\\","    width: 100%;\\n\\","}\\n\\","textarea[readonly] {\\n\\","    background: #ddd;\\n\\","}\\n\\","</style>\\n\\","</head>\\n\\","<body>\\n\\","<!-- utility2-comment\\n\\","<div id=\"ajaxProgressDiv1\" style=\"background: #d00; height: 2px; left: 0; margin: 0; padding: 0; position: fixed; top: 0; transition: background 0.5s, width 1.5s; width: 25%;\"></div>\\n\\","utility2-comment -->\\n\\","<h1>\\n\\","<!-- utility2-comment\\n\\","    <a\\n\\","        {{#if env.npm_package_homepage}}\\n\\","        href=\"{{env.npm_package_homepage}}\"\\n\\","        {{/if env.npm_package_homepage}}\\n\\","        target=\"_blank\"\\n\\","    >\\n\\","utility2-comment -->\\n\\","        {{env.npm_package_name}} (v{{env.npm_package_version}})\\n\\","<!-- utility2-comment\\n\\","    </a>\\n\\","utility2-comment -->\\n\\","</h1>\\n\\","<h3>{{env.npm_package_description}}</h3>\\n\\","<!-- utility2-comment\\n\\","<h4><a download href=\"assets.app.js\">download standalone app</a></h4>\\n\\","<button class=\"onclick onreset\" id=\"testRunButton1\">run internal test</button><br>\\n\\","<div id=\"testReportDiv1\" style=\"display: none;\"></div>\\n\\","utility2-comment -->\\n\\","\\n\\","\\n\\","\\n\\","<label>stderr and stdout</label>\\n\\","<textarea class=\"resettable\" id=\"outputTextareaStdout1\" readonly></textarea>\\n\\","<!-- utility2-comment\\n\\","{{#if isRollup}}\\n\\","<script src=\"assets.app.js\"></script>\\n\\","{{#unless isRollup}}\\n\\","utility2-comment -->\\n\\","<script src=\"assets.utility2.rollup.js\"></script>\\n\\","<script src=\"jsonp.utility2._stateInit?callback=window.utility2._stateInit\"></script>\\n\\","<script src=\"assets.npmtest_react_responsive.rollup.js\"></script>\\n\\","<script src=\"assets.example.js\"></script>\\n\\","<script src=\"assets.test.js\"></script>\\n\\","<!-- utility2-comment\\n\\","{{/if isRollup}}\\n\\","utility2-comment -->\\n\\","<div class=\"utility2FooterDiv\">\\n\\","    [ this app was created with\\n\\","    <a href=\"https://github.com/kaizhu256/node-utility2\" target=\"_blank\">utility2</a>\\n\\","    ]\\n\\","</div>\\n\\","</body>\\n\\","</html>\\n\\","';","        /* jslint-ignore-end */","        if (local.templateRender) {","            local.assetsDict['/'] = local.templateRender(","                local.assetsDict['/assets.index.template.html'],","                {","                    env: local.objectSetDefault(local.env, {","                        npm_package_description: 'the greatest app in the world!',","                        npm_package_name: 'my-app',","                        npm_package_nameAlias: 'my_app',","                        npm_package_version: '0.0.1'","                    })","                }","            );","        } else {","            local.assetsDict['/'] = local.assetsDict['/assets.index.template.html']","                .replace((/\\{\\{env\\.(\\w+?)\\}\\}/g), function (match0, match1) {","                    // jslint-hack","                    String(match0);","                    switch (match1) {","                    case 'npm_package_description':","                        return 'the greatest app in the world!';","                    case 'npm_package_name':","                        return 'my-app';","                    case 'npm_package_nameAlias':","                        return 'my_app';","                    case 'npm_package_version':","                        return '0.0.1';","                    }","                });","        }","        // run the cli","        if (local.global.utility2_rollup || module !== require.main) {","            break;","        }","        local.assetsDict['/assets.example.js'] =","            local.assetsDict['/assets.example.js'] ||","            local.fs.readFileSync(__filename, 'utf8');","        // bug-workaround - long $npm_package_buildCustomOrg","        /* jslint-ignore-begin */","        local.assetsDict['/assets.npmtest_react_responsive.rollup.js'] =","            local.assetsDict['/assets.npmtest_react_responsive.rollup.js'] ||","            local.fs.readFileSync(","                local.npmtest_react_responsive.__dirname + '/lib.npmtest_react_responsive.js',","                'utf8'","            ).replace((/^#!/), '//');","        /* jslint-ignore-end */","        local.assetsDict['/favicon.ico'] = local.assetsDict['/favicon.ico'] || '';","        // if $npm_config_timeout_exit exists,","        // then exit this process after $npm_config_timeout_exit ms","        if (Number(process.env.npm_config_timeout_exit)) {","            setTimeout(process.exit, Number(process.env.npm_config_timeout_exit));","        }","        // start server","        if (local.global.utility2_serverHttp1) {","            break;","        }","        process.env.PORT = process.env.PORT || '8081';","        console.error('server starting on port ' + process.env.PORT);","        local.http.createServer(function (request, response) {","            request.urlParsed = local.url.parse(request.url);","            if (local.assetsDict[request.urlParsed.pathname] !== undefined) {","                response.end(local.assetsDict[request.urlParsed.pathname]);","                return;","            }","            response.statusCode = 404;","            response.end();","        }).listen(process.env.PORT);","        break;","    }","}());",""],"l":{"26":2,"28":2,"33":2,"35":2,"37":2,"38":2,"39":2,"44":1,"51":2,"55":2,"59":2,"61":2,"69":1,"70":2,"76":2,"79":2,"82":2,"83":2,"85":1,"89":2,"92":1,"93":1,"94":1,"96":1,"97":1,"100":1,"101":1,"103":1,"106":1,"108":2,"114":1,"116":1,"118":1,"123":1,"124":2,"125":2,"126":3,"127":3,"128":3,"129":3,"130":1,"133":3,"134":3,"139":3,"143":1,"144":3,"145":1,"149":1,"150":1,"158":1,"160":1,"161":1,"162":1,"164":1,"166":1,"258":1,"259":1,"271":1,"274":6,"275":6,"277":1,"279":2,"281":1,"283":2,"288":1,"289":1,"291":1,"296":1,"303":1,"306":1,"307":1,"310":1,"311":1,"313":1,"314":1,"315":1,"316":1,"317":1,"318":1,"319":1,"321":1,"322":1,"324":1}},"/home/travis/build/npmtest/node-npmtest-react-responsive/node_modules/react-responsive/dist/react-responsive.js":{"path":"/home/travis/build/npmtest/node-npmtest-react-responsive/node_modules/react-responsive/dist/react-responsive.js","s":{"1":1,"2":1,"3":1,"4":0,"5":0,"6":0,"7":0,"8":0,"9":1,"10":1,"11":1,"12":26,"13":11,"14":15,"15":15,"16":15,"17":15,"18":1,"19":1,"20":1,"21":1,"22":1,"23":1,"24":1,"25":1,"26":5,"27":5,"28":5,"29":5,"30":5,"31":5,"32":1,"33":1,"34":1,"35":1,"36":0,"37":1,"38":1,"39":0,"40":0,"41":0,"42":0,"43":0,"44":0,"45":1,"46":1,"47":1,"48":1,"49":1,"50":1,"51":1,"52":1,"53":1,"54":1,"55":1,"56":1,"57":1,"58":6,"59":1,"60":0,"61":0,"62":1,"63":0,"64":0,"65":0,"66":1,"67":1,"68":0,"69":1,"70":1,"71":1,"72":1,"73":1,"74":1,"75":1,"76":1,"77":0,"78":0,"79":0,"80":0,"81":1,"82":1,"83":1,"84":0,"85":0,"86":0,"87":0,"88":0,"89":0,"90":0,"91":0,"92":0,"93":1,"94":0,"95":0,"96":0,"97":0,"98":0,"99":0,"100":0,"101":0,"102":0,"103":0,"104":0,"105":0,"106":0,"107":0,"108":0,"109":0,"110":0,"111":0,"112":0,"113":0,"114":0,"115":0,"116":0,"117":0,"118":0,"119":0,"120":0,"121":0,"122":0,"123":0,"124":0,"125":0,"126":0,"127":1,"128":1,"129":1,"130":1,"131":1,"132":1,"133":1,"134":1,"135":1,"136":0,"137":1,"138":0,"139":1,"140":1,"141":1,"142":1,"143":0,"144":0,"145":1,"146":1,"147":1,"148":0,"149":0,"150":1,"151":0,"152":0,"153":0,"154":0,"155":0,"156":0,"157":0,"158":0,"159":0,"160":0,"161":1,"162":0,"163":0,"164":0,"165":0,"166":0,"167":0,"168":0,"169":0,"170":0,"171":0,"172":1,"173":1,"174":1,"175":1,"176":1,"177":0,"178":0,"179":0,"180":0,"181":0,"182":0,"183":0,"184":0,"185":1,"186":0,"187":0,"188":0,"189":0,"190":0,"191":0,"192":0,"193":0,"194":0,"195":0,"196":0,"197":0,"198":0,"199":0,"200":0,"201":0,"202":1,"203":0,"204":0,"205":0,"206":0,"207":0,"208":0,"209":0,"210":1,"211":0,"212":0,"213":1,"214":0,"215":1,"216":1,"217":1,"218":1,"219":1,"220":1,"221":1,"222":1,"223":1,"224":1,"225":1,"226":1,"227":1,"228":1,"229":1,"230":0,"231":1,"232":0,"233":1,"234":0,"235":1,"236":0,"237":1,"238":3,"239":0,"240":1,"241":1,"242":1,"243":1,"244":1,"245":1,"246":0,"247":1,"248":0,"249":1,"250":1,"251":1,"252":1,"253":1,"254":0,"255":0,"256":1,"257":0,"258":0,"259":0,"260":0,"261":0,"262":0,"263":0,"264":0,"265":0,"266":0,"267":0,"268":0,"269":1,"270":1,"271":1,"272":0,"273":0,"274":0,"275":0,"276":0,"277":0,"278":1,"279":1,"280":1,"281":1,"282":1,"283":1,"284":1,"285":1,"286":1,"287":1,"288":1,"289":1,"290":1,"291":1,"292":1,"293":1,"294":1,"295":1,"296":0,"297":0,"298":0,"299":0,"300":0,"301":0,"302":0,"303":0,"304":0,"305":1,"306":0,"307":0,"308":0,"309":0,"310":0,"311":0,"312":0,"313":0,"314":1,"315":1,"316":1,"317":1,"318":1,"319":0,"320":1,"321":1,"322":1,"323":1,"324":1,"325":0,"326":1,"327":1,"328":0,"329":1,"330":1,"331":1,"332":1,"333":0,"334":0,"335":0,"336":0,"337":0,"338":0,"339":1,"340":1,"341":1,"342":1,"343":1,"344":2,"345":1,"346":0,"347":1,"348":0,"349":0,"350":0,"351":0,"352":0,"353":0,"354":0,"355":0,"356":1,"357":0,"358":1,"359":1,"360":1,"361":1,"362":1,"363":0,"364":0,"365":0,"366":0,"367":0,"368":0,"369":0,"370":0,"371":0,"372":0,"373":0,"374":0,"375":0,"376":0,"377":0,"378":0,"379":0,"380":0,"381":0,"382":0,"383":0,"384":0,"385":0,"386":0,"387":0,"388":0,"389":0,"390":0,"391":1,"392":0,"393":0,"394":0,"395":0,"396":0,"397":0,"398":0,"399":0,"400":0,"401":0,"402":1,"403":0,"404":0,"405":0,"406":0,"407":0,"408":1,"409":0,"410":0,"411":0,"412":0,"413":0,"414":1,"415":0,"416":0,"417":0,"418":0,"419":0,"420":0,"421":0,"422":0,"423":0,"424":0,"425":1,"426":1,"427":1,"428":0,"429":0,"430":0,"431":0,"432":0,"433":0,"434":0,"435":0,"436":0,"437":0,"438":1,"439":0,"440":0,"441":1,"442":0,"443":0,"444":1,"445":0,"446":0,"447":1,"448":0,"449":1,"450":1,"451":1,"452":1,"453":1,"454":1,"455":1,"456":1,"457":0,"458":0,"459":0,"460":0,"461":0,"462":0,"463":0,"464":0,"465":0,"466":0,"467":0,"468":0,"469":0,"470":1,"471":0,"472":0,"473":0,"474":1,"475":0,"476":0,"477":1,"478":0,"479":0,"480":0,"481":0,"482":0,"483":1,"484":1,"485":1,"486":1,"487":1,"488":1,"489":1,"490":1,"491":1,"492":1,"493":0,"494":0,"495":0,"496":1,"497":1,"498":1,"499":0,"500":0,"501":0,"502":1,"503":0,"504":0,"505":1,"506":1,"507":15,"508":15,"509":15,"510":1,"511":0,"512":0,"513":0,"514":0,"515":0,"516":0,"517":0,"518":0,"519":0,"520":0,"521":0,"522":0,"523":0,"524":0,"525":0,"526":0,"527":0,"528":0,"529":15,"530":15,"531":15,"532":1,"533":1,"534":0,"535":0,"536":0,"537":0,"538":0,"539":0,"540":7,"541":1,"542":1,"543":1,"544":1,"545":0,"546":0,"547":0,"548":0,"549":0,"550":0,"551":0,"552":0,"553":0,"554":0,"555":0,"556":0,"557":1,"558":1,"559":0,"560":0,"561":0,"562":0,"563":0,"564":1,"565":1,"566":1,"567":0,"568":0,"569":0,"570":0,"571":0,"572":0,"573":1,"574":2,"575":0,"576":0,"577":1,"578":0,"579":0,"580":0,"581":0,"582":0,"583":0,"584":2,"585":1,"586":1,"587":0,"588":0,"589":0,"590":0,"591":0,"592":0,"593":0,"594":0,"595":0,"596":0,"597":0,"598":0,"599":0,"600":1,"601":2,"602":0,"603":0,"604":1,"605":0,"606":0,"607":0,"608":0,"609":0,"610":2,"611":1,"612":1,"613":0,"614":0,"615":0,"616":1,"617":1,"618":1,"619":0,"620":0,"621":0,"622":0,"623":0,"624":0,"625":0,"626":0,"627":0,"628":0,"629":0,"630":0,"631":1,"632":1,"633":0,"634":0,"635":0,"636":0,"637":0,"638":0,"639":0,"640":0,"641":0,"642":0,"643":0,"644":0,"645":0,"646":0,"647":0,"648":0,"649":0,"650":0,"651":0,"652":0,"653":0,"654":0,"655":0,"656":1,"657":0,"658":0,"659":0,"660":0,"661":0,"662":0,"663":0,"664":1,"665":0,"666":0,"667":0,"668":0,"669":0,"670":0,"671":0,"672":0,"673":1,"674":0,"675":0,"676":0,"677":0,"678":0,"679":0,"680":0,"681":1,"682":0,"683":0,"684":0,"685":1,"686":1,"687":1,"688":1},"b":{"1":[1,0],"2":[1,1],"3":[0,0],"4":[0,0],"5":[0,0],"6":[11,15],"7":[5,5],"8":[5,0],"9":[1,0],"10":[0,1],"11":[1,0],"12":[0,0],"13":[0,6],"14":[6,6],"15":[0,0],"16":[0,0],"17":[0,0],"18":[0,0,0],"19":[0,1],"20":[1,0],"21":[1,1],"22":[1,0],"23":[1,0],"24":[0,0],"25":[0,0],"26":[0,0],"27":[0,0],"28":[0,0],"29":[0,0],"30":[0,0],"31":[0,0],"32":[0,0,0,0,0,0],"33":[0,0],"34":[0,0],"35":[0,0],"36":[0,0],"37":[1,0],"38":[1,0],"39":[0,0],"40":[0,0],"41":[0,0,0],"42":[0,0],"43":[0,0],"44":[0,0,0],"45":[0,0],"46":[0,0],"47":[0,0],"48":[0,0],"49":[0,0],"50":[0,0],"51":[0,0],"52":[0,0],"53":[0,0],"54":[1,0],"55":[0,0],"56":[0,0],"57":[0,0],"58":[1,0],"59":[0,0],"60":[0,1],"61":[1,1],"62":[1,0],"63":[0,0],"64":[0,0],"65":[0,0],"66":[0,0],"67":[0,0],"68":[1,0],"69":[1,1,1,0],"70":[0,0,0],"71":[0,0],"72":[0,2],"73":[2,2],"74":[0,0],"75":[0,0],"76":[0,0],"77":[0,0],"78":[0,0],"79":[0,0,0],"80":[0,0],"81":[0,0],"82":[0,0,0,0,0,0,0,0,0,0,0,0,0,0],"83":[0,0],"84":[0,0],"85":[0,0,0],"86":[0,0,0,0],"87":[0,0],"88":[0,0],"89":[0,0],"90":[0,0],"91":[0,0],"92":[0,0,0],"93":[0,0,0,0,0,0,0,0],"94":[0,1],"95":[0,0],"96":[0,0],"97":[0,0],"98":[1,0],"99":[0,0],"100":[0,0],"101":[0,0],"102":[0,0],"103":[0,0],"104":[0,0],"105":[0,0],"106":[0,0],"107":[0,0],"108":[1,1],"109":[0,0,0,0],"110":[0,0],"111":[0,0],"112":[0,0],"113":[0,0],"114":[15,0],"115":[0,0],"116":[0,0],"117":[0,0],"118":[0,0],"119":[0,0],"120":[0,0],"121":[0,0],"122":[0,0],"123":[0,0],"124":[0,0],"125":[0,0],"126":[0,0],"127":[0,0],"128":[0,0],"129":[0,0],"130":[0,0],"131":[0,0],"132":[0,0],"133":[0,2],"134":[0,0],"135":[0,0],"136":[0,0],"137":[0,0],"138":[0,0],"139":[0,0],"140":[0,2],"141":[0,0],"142":[0,0],"143":[0,0],"144":[0,0],"145":[0,0],"146":[0,0],"147":[0,0,0,0,0,0],"148":[0,0],"149":[0,0],"150":[0,0],"151":[0,0],"152":[0,0],"153":[0,0],"154":[0,0],"155":[0,0],"156":[0,0],"157":[0,0],"158":[0,0],"159":[0,0],"160":[0,0],"161":[0,0],"162":[0,0],"163":[0,0],"164":[0,0],"165":[0,0],"166":[0,0],"167":[0,0]},"f":{"1":1,"2":1,"3":1,"4":26,"5":1,"6":1,"7":1,"8":1,"9":0,"10":6,"11":0,"12":0,"13":1,"14":0,"15":0,"16":1,"17":0,"18":0,"19":0,"20":0,"21":0,"22":0,"23":0,"24":0,"25":1,"26":0,"27":0,"28":1,"29":0,"30":0,"31":0,"32":0,"33":0,"34":0,"35":0,"36":0,"37":0,"38":0,"39":0,"40":0,"41":1,"42":3,"43":0,"44":0,"45":0,"46":0,"47":1,"48":1,"49":0,"50":0,"51":0,"52":0,"53":1,"54":0,"55":1,"56":1,"57":1,"58":1,"59":0,"60":0,"61":0,"62":1,"63":0,"64":1,"65":1,"66":0,"67":1,"68":1,"69":0,"70":0,"71":2,"72":0,"73":0,"74":0,"75":1,"76":0,"77":0,"78":0,"79":0,"80":0,"81":0,"82":0,"83":0,"84":0,"85":1,"86":0,"87":0,"88":0,"89":0,"90":0,"91":1,"92":1,"93":0,"94":0,"95":0,"96":0,"97":0,"98":1,"99":1,"100":1,"101":0,"102":0,"103":0,"104":15,"105":0,"106":7,"107":0,"108":1,"109":0,"110":0,"111":1,"112":0,"113":0,"114":0,"115":2,"116":0,"117":0,"118":0,"119":2,"120":0,"121":1,"122":0,"123":1,"124":0,"125":0,"126":0,"127":0,"128":0,"129":0,"130":1},"fnMap":{"1":{"name":"webpackUniversalModuleDefinition","line":1,"loc":{"start":{"line":1,"column":1},"end":{"line":1,"column":58}}},"2":{"name":"(anonymous_2)","line":10,"loc":{"start":{"line":10,"column":9},"end":{"line":10,"column":50}}},"3":{"name":"(anonymous_3)","line":11,"loc":{"start":{"line":11,"column":17},"end":{"line":11,"column":35}}},"4":{"name":"__webpack_require__","line":16,"loc":{"start":{"line":16,"column":10},"end":{"line":16,"column":49}}},"5":{"name":"(anonymous_5)","line":55,"loc":{"start":{"line":55,"column":7},"end":{"line":55,"column":54}}},"6":{"name":"(anonymous_6)","line":63,"loc":{"start":{"line":63,"column":20},"end":{"line":63,"column":32}}},"7":{"name":"defineProperties","line":63,"loc":{"start":{"line":63,"column":34},"end":{"line":63,"column":75}}},"8":{"name":"(anonymous_8)","line":63,"loc":{"start":{"line":63,"column":358},"end":{"line":63,"column":406}}},"9":{"name":"(anonymous_9)","line":65,"loc":{"start":{"line":65,"column":33},"end":{"line":65,"column":51}}},"10":{"name":"_interopRequireDefault","line":91,"loc":{"start":{"line":91,"column":1},"end":{"line":91,"column":38}}},"11":{"name":"_classCallCheck","line":93,"loc":{"start":{"line":93,"column":1},"end":{"line":93,"column":49}}},"12":{"name":"_possibleConstructorReturn","line":95,"loc":{"start":{"line":95,"column":1},"end":{"line":95,"column":49}}},"13":{"name":"_inherits","line":97,"loc":{"start":{"line":97,"column":1},"end":{"line":97,"column":42}}},"14":{"name":"omit","line":109,"loc":{"start":{"line":109,"column":1},"end":{"line":109,"column":29}}},"15":{"name":"(anonymous_15)","line":111,"loc":{"start":{"line":111,"column":16},"end":{"line":111,"column":31}}},"16":{"name":"(anonymous_16)","line":117,"loc":{"start":{"line":117,"column":18},"end":{"line":117,"column":46}}},"17":{"name":"MediaQuery","line":120,"loc":{"start":{"line":120,"column":3},"end":{"line":120,"column":25}}},"18":{"name":"(anonymous_18)","line":131,"loc":{"start":{"line":131,"column":241},"end":{"line":131,"column":253}}},"19":{"name":"componentWillMount","line":143,"loc":{"start":{"line":143,"column":12},"end":{"line":143,"column":42}}},"20":{"name":"componentWillReceiveProps","line":148,"loc":{"start":{"line":148,"column":12},"end":{"line":148,"column":58}}},"21":{"name":"updateQuery","line":153,"loc":{"start":{"line":153,"column":12},"end":{"line":153,"column":40}}},"22":{"name":"(anonymous_22)","line":166,"loc":{"start":{"line":166,"column":51},"end":{"line":166,"column":74}}},"23":{"name":"componentWillUnmount","line":182,"loc":{"start":{"line":182,"column":12},"end":{"line":182,"column":44}}},"24":{"name":"render","line":187,"loc":{"start":{"line":187,"column":12},"end":{"line":187,"column":30}}},"25":{"name":"(anonymous_25)","line":223,"loc":{"start":{"line":223,"column":7},"end":{"line":223,"column":33}}},"26":{"name":"defaultSetTimout","line":236,"loc":{"start":{"line":236,"column":1},"end":{"line":236,"column":29}}},"27":{"name":"defaultClearTimeout","line":239,"loc":{"start":{"line":239,"column":1},"end":{"line":239,"column":33}}},"28":{"name":"(anonymous_28)","line":242,"loc":{"start":{"line":242,"column":2},"end":{"line":242,"column":14}}},"29":{"name":"runTimeout","line":262,"loc":{"start":{"line":262,"column":1},"end":{"line":262,"column":26}}},"30":{"name":"runClearTimeout","line":287,"loc":{"start":{"line":287,"column":1},"end":{"line":287,"column":34}}},"31":{"name":"cleanUpNextTick","line":319,"loc":{"start":{"line":319,"column":1},"end":{"line":319,"column":28}}},"32":{"name":"drainQueue","line":334,"loc":{"start":{"line":334,"column":1},"end":{"line":334,"column":23}}},"33":{"name":"(anonymous_33)","line":358,"loc":{"start":{"line":358,"column":20},"end":{"line":358,"column":35}}},"34":{"name":"Item","line":372,"loc":{"start":{"line":372,"column":1},"end":{"line":372,"column":27}}},"35":{"name":"(anonymous_35)","line":376,"loc":{"start":{"line":376,"column":22},"end":{"line":376,"column":34}}},"36":{"name":"noop","line":386,"loc":{"start":{"line":386,"column":1},"end":{"line":386,"column":17}}},"37":{"name":"(anonymous_37)","line":396,"loc":{"start":{"line":396,"column":19},"end":{"line":396,"column":35}}},"38":{"name":"(anonymous_38)","line":400,"loc":{"start":{"line":400,"column":15},"end":{"line":400,"column":27}}},"39":{"name":"(anonymous_39)","line":401,"loc":{"start":{"line":401,"column":17},"end":{"line":401,"column":32}}},"40":{"name":"(anonymous_40)","line":404,"loc":{"start":{"line":404,"column":17},"end":{"line":404,"column":28}}},"41":{"name":"(anonymous_41)","line":409,"loc":{"start":{"line":409,"column":7},"end":{"line":409,"column":33}}},"42":{"name":"makeEmptyFunction","line":424,"loc":{"start":{"line":424,"column":1},"end":{"line":424,"column":33}}},"43":{"name":"(anonymous_43)","line":425,"loc":{"start":{"line":425,"column":10},"end":{"line":425,"column":22}}},"44":{"name":"emptyFunction","line":435,"loc":{"start":{"line":435,"column":21},"end":{"line":435,"column":46}}},"45":{"name":"(anonymous_45)","line":441,"loc":{"start":{"line":441,"column":33},"end":{"line":441,"column":45}}},"46":{"name":"(anonymous_46)","line":444,"loc":{"start":{"line":444,"column":37},"end":{"line":444,"column":52}}},"47":{"name":"(anonymous_47)","line":452,"loc":{"start":{"line":452,"column":7},"end":{"line":452,"column":54}}},"48":{"name":"(anonymous_48)","line":454,"loc":{"start":{"line":454,"column":29},"end":{"line":454,"column":47}}},"49":{"name":"validateFormat","line":477,"loc":{"start":{"line":477,"column":22},"end":{"line":477,"column":54}}},"50":{"name":"validateFormat","line":480,"loc":{"start":{"line":480,"column":20},"end":{"line":480,"column":52}}},"51":{"name":"invariant","line":487,"loc":{"start":{"line":487,"column":1},"end":{"line":487,"column":57}}},"52":{"name":"(anonymous_52)","line":497,"loc":{"start":{"line":497,"column":47},"end":{"line":497,"column":59}}},"53":{"name":"(anonymous_53)","line":513,"loc":{"start":{"line":513,"column":7},"end":{"line":513,"column":54}}},"54":{"name":"(anonymous_54)","line":521,"loc":{"start":{"line":521,"column":33},"end":{"line":521,"column":51}}},"55":{"name":"_interopRequireDefault","line":527,"loc":{"start":{"line":527,"column":1},"end":{"line":527,"column":38}}},"56":{"name":"(anonymous_56)","line":615,"loc":{"start":{"line":615,"column":7},"end":{"line":615,"column":54}}},"57":{"name":"(anonymous_57)","line":617,"loc":{"start":{"line":617,"column":29},"end":{"line":617,"column":47}}},"58":{"name":"(anonymous_58)","line":641,"loc":{"start":{"line":641,"column":4},"end":{"line":641,"column":16}}},"59":{"name":"printWarning","line":642,"loc":{"start":{"line":642,"column":24},"end":{"line":642,"column":54}}},"60":{"name":"(anonymous_60)","line":648,"loc":{"start":{"line":648,"column":57},"end":{"line":648,"column":69}}},"61":{"name":"warning","line":662,"loc":{"start":{"line":662,"column":15},"end":{"line":662,"column":51}}},"62":{"name":"(anonymous_62)","line":687,"loc":{"start":{"line":687,"column":7},"end":{"line":687,"column":33}}},"63":{"name":"hyphenateStyleName","line":695,"loc":{"start":{"line":695,"column":1},"end":{"line":695,"column":37}}},"64":{"name":"(anonymous_64)","line":709,"loc":{"start":{"line":709,"column":7},"end":{"line":709,"column":54}}},"65":{"name":"(anonymous_65)","line":711,"loc":{"start":{"line":711,"column":29},"end":{"line":711,"column":47}}},"66":{"name":"(anonymous_66)","line":726,"loc":{"start":{"line":726,"column":24},"end":{"line":726,"column":41}}},"67":{"name":"(anonymous_67)","line":746,"loc":{"start":{"line":746,"column":7},"end":{"line":746,"column":33}}},"68":{"name":"(anonymous_68)","line":766,"loc":{"start":{"line":766,"column":7},"end":{"line":766,"column":54}}},"69":{"name":"(anonymous_69)","line":774,"loc":{"start":{"line":774,"column":19},"end":{"line":774,"column":34}}},"70":{"name":"(anonymous_70)","line":776,"loc":{"start":{"line":776,"column":49},"end":{"line":776,"column":62}}},"71":{"name":"_interopRequireDefault","line":793,"loc":{"start":{"line":793,"column":1},"end":{"line":793,"column":38}}},"72":{"name":"negate","line":795,"loc":{"start":{"line":795,"column":14},"end":{"line":795,"column":36}}},"73":{"name":"keyVal","line":799,"loc":{"start":{"line":799,"column":1},"end":{"line":799,"column":23}}},"74":{"name":"join","line":815,"loc":{"start":{"line":815,"column":1},"end":{"line":815,"column":22}}},"75":{"name":"(anonymous_75)","line":823,"loc":{"start":{"line":823,"column":7},"end":{"line":823,"column":33}}},"76":{"name":"matchQuery","line":844,"loc":{"start":{"line":844,"column":1},"end":{"line":844,"column":41}}},"77":{"name":"(anonymous_77)","line":845,"loc":{"start":{"line":845,"column":40},"end":{"line":845,"column":57}}},"78":{"name":"(anonymous_78)","line":857,"loc":{"start":{"line":857,"column":56},"end":{"line":857,"column":78}}},"79":{"name":"parseQuery","line":911,"loc":{"start":{"line":911,"column":1},"end":{"line":911,"column":33}}},"80":{"name":"(anonymous_80)","line":912,"loc":{"start":{"line":912,"column":38},"end":{"line":912,"column":55}}},"81":{"name":"(anonymous_81)","line":927,"loc":{"start":{"line":927,"column":46},"end":{"line":927,"column":68}}},"82":{"name":"toDecimal","line":944,"loc":{"start":{"line":944,"column":1},"end":{"line":944,"column":27}}},"83":{"name":"toDpi","line":956,"loc":{"start":{"line":956,"column":1},"end":{"line":956,"column":28}}},"84":{"name":"toPx","line":967,"loc":{"start":{"line":967,"column":1},"end":{"line":967,"column":23}}},"85":{"name":"(anonymous_85)","line":986,"loc":{"start":{"line":986,"column":7},"end":{"line":986,"column":54}}},"86":{"name":"Mql","line":994,"loc":{"start":{"line":994,"column":1},"end":{"line":994,"column":28}}},"87":{"name":"addListener","line":1010,"loc":{"start":{"line":1010,"column":3},"end":{"line":1010,"column":33}}},"88":{"name":"removeListener","line":1016,"loc":{"start":{"line":1016,"column":3},"end":{"line":1016,"column":36}}},"89":{"name":"update","line":1023,"loc":{"start":{"line":1023,"column":3},"end":{"line":1023,"column":23}}},"90":{"name":"matchMedia","line":1029,"loc":{"start":{"line":1029,"column":1},"end":{"line":1029,"column":35}}},"91":{"name":"(anonymous_91)","line":1038,"loc":{"start":{"line":1038,"column":7},"end":{"line":1038,"column":54}}},"92":{"name":"(anonymous_92)","line":1040,"loc":{"start":{"line":1040,"column":29},"end":{"line":1040,"column":47}}},"93":{"name":"checkPropTypes","line":1069,"loc":{"start":{"line":1069,"column":1},"end":{"line":1069,"column":79}}},"94":{"name":"(anonymous_94)","line":1106,"loc":{"start":{"line":1106,"column":7},"end":{"line":1106,"column":54}}},"95":{"name":"(anonymous_95)","line":1122,"loc":{"start":{"line":1122,"column":18},"end":{"line":1122,"column":29}}},"96":{"name":"shim","line":1125,"loc":{"start":{"line":1125,"column":3},"end":{"line":1125,"column":19}}},"97":{"name":"getShim","line":1134,"loc":{"start":{"line":1134,"column":3},"end":{"line":1134,"column":22}}},"98":{"name":"(anonymous_98)","line":1166,"loc":{"start":{"line":1166,"column":7},"end":{"line":1166,"column":54}}},"99":{"name":"(anonymous_99)","line":1168,"loc":{"start":{"line":1168,"column":29},"end":{"line":1168,"column":47}}},"100":{"name":"(anonymous_100)","line":1186,"loc":{"start":{"line":1186,"column":18},"end":{"line":1186,"column":64}}},"101":{"name":"getIteratorFn","line":1205,"loc":{"start":{"line":1205,"column":3},"end":{"line":1205,"column":41}}},"102":{"name":"is","line":1288,"loc":{"start":{"line":1288,"column":3},"end":{"line":1288,"column":21}}},"103":{"name":"PropTypeError","line":1308,"loc":{"start":{"line":1308,"column":3},"end":{"line":1308,"column":35}}},"104":{"name":"createChainableTypeChecker","line":1315,"loc":{"start":{"line":1315,"column":3},"end":{"line":1315,"column":49}}},"105":{"name":"checkType","line":1320,"loc":{"start":{"line":1320,"column":5},"end":{"line":1320,"column":100}}},"106":{"name":"createPrimitiveTypeChecker","line":1375,"loc":{"start":{"line":1375,"column":3},"end":{"line":1375,"column":53}}},"107":{"name":"validate","line":1376,"loc":{"start":{"line":1376,"column":5},"end":{"line":1376,"column":87}}},"108":{"name":"createAnyTypeChecker","line":1392,"loc":{"start":{"line":1392,"column":3},"end":{"line":1392,"column":35}}},"109":{"name":"createArrayOfTypeChecker","line":1396,"loc":{"start":{"line":1396,"column":3},"end":{"line":1396,"column":50}}},"110":{"name":"validate","line":1397,"loc":{"start":{"line":1397,"column":5},"end":{"line":1397,"column":79}}},"111":{"name":"createElementTypeChecker","line":1417,"loc":{"start":{"line":1417,"column":3},"end":{"line":1417,"column":39}}},"112":{"name":"validate","line":1418,"loc":{"start":{"line":1418,"column":5},"end":{"line":1418,"column":79}}},"113":{"name":"createInstanceTypeChecker","line":1429,"loc":{"start":{"line":1429,"column":3},"end":{"line":1429,"column":53}}},"114":{"name":"validate","line":1430,"loc":{"start":{"line":1430,"column":5},"end":{"line":1430,"column":79}}},"115":{"name":"createEnumTypeChecker","line":1441,"loc":{"start":{"line":1441,"column":3},"end":{"line":1441,"column":50}}},"116":{"name":"validate","line":1447,"loc":{"start":{"line":1447,"column":5},"end":{"line":1447,"column":79}}},"117":{"name":"createObjectOfTypeChecker","line":1461,"loc":{"start":{"line":1461,"column":3},"end":{"line":1461,"column":51}}},"118":{"name":"validate","line":1462,"loc":{"start":{"line":1462,"column":5},"end":{"line":1462,"column":79}}},"119":{"name":"createUnionTypeChecker","line":1484,"loc":{"start":{"line":1484,"column":3},"end":{"line":1484,"column":56}}},"120":{"name":"validate","line":1490,"loc":{"start":{"line":1490,"column":5},"end":{"line":1490,"column":79}}},"121":{"name":"createNodeChecker","line":1503,"loc":{"start":{"line":1503,"column":3},"end":{"line":1503,"column":32}}},"122":{"name":"validate","line":1504,"loc":{"start":{"line":1504,"column":5},"end":{"line":1504,"column":79}}},"123":{"name":"createShapeTypeChecker","line":1513,"loc":{"start":{"line":1513,"column":3},"end":{"line":1513,"column":47}}},"124":{"name":"validate","line":1514,"loc":{"start":{"line":1514,"column":5},"end":{"line":1514,"column":79}}},"125":{"name":"isNode","line":1535,"loc":{"start":{"line":1535,"column":3},"end":{"line":1535,"column":30}}},"126":{"name":"isSymbol","line":1582,"loc":{"start":{"line":1582,"column":3},"end":{"line":1582,"column":42}}},"127":{"name":"getPropType","line":1602,"loc":{"start":{"line":1602,"column":3},"end":{"line":1602,"column":35}}},"128":{"name":"getPreciseType","line":1621,"loc":{"start":{"line":1621,"column":3},"end":{"line":1621,"column":38}}},"129":{"name":"getClassName","line":1634,"loc":{"start":{"line":1634,"column":3},"end":{"line":1634,"column":36}}},"130":{"name":"(anonymous_130)","line":1651,"loc":{"start":{"line":1651,"column":7},"end":{"line":1651,"column":33}}}},"statementMap":{"1":{"start":{"line":1,"column":0},"end":{"line":1657,"column":3}},"2":{"start":{"line":2,"column":1},"end":{"line":9,"column":46}},"3":{"start":{"line":3,"column":2},"end":{"line":3,"column":45}},"4":{"start":{"line":4,"column":6},"end":{"line":9,"column":46}},"5":{"start":{"line":5,"column":2},"end":{"line":5,"column":29}},"6":{"start":{"line":6,"column":6},"end":{"line":9,"column":46}},"7":{"start":{"line":7,"column":2},"end":{"line":7,"column":52}},"8":{"start":{"line":9,"column":2},"end":{"line":9,"column":46}},"9":{"start":{"line":11,"column":0},"end":{"line":1656,"column":11}},"10":{"start":{"line":13,"column":10},"end":{"line":13,"column":36}},"11":{"start":{"line":16,"column":10},"end":{"line":37,"column":11}},"12":{"start":{"line":19,"column":11},"end":{"line":20,"column":54}},"13":{"start":{"line":20,"column":12},"end":{"line":20,"column":54}},"14":{"start":{"line":23,"column":11},"end":{"line":27,"column":13}},"15":{"start":{"line":30,"column":11},"end":{"line":30,"column":95}},"16":{"start":{"line":33,"column":11},"end":{"line":33,"column":32}},"17":{"start":{"line":36,"column":11},"end":{"line":36,"column":33}},"18":{"start":{"line":41,"column":10},"end":{"line":41,"column":42}},"19":{"start":{"line":44,"column":10},"end":{"line":44,"column":51}},"20":{"start":{"line":47,"column":10},"end":{"line":47,"column":37}},"21":{"start":{"line":50,"column":10},"end":{"line":50,"column":40}},"22":{"start":{"line":59,"column":1},"end":{"line":61,"column":4}},"23":{"start":{"line":63,"column":1},"end":{"line":63,"column":565}},"24":{"start":{"line":63,"column":34},"end":{"line":63,"column":350}},"25":{"start":{"line":63,"column":77},"end":{"line":63,"column":348}},"26":{"start":{"line":63,"column":118},"end":{"line":63,"column":144}},"27":{"start":{"line":63,"column":145},"end":{"line":63,"column":200}},"28":{"start":{"line":63,"column":201},"end":{"line":63,"column":232}},"29":{"start":{"line":63,"column":233},"end":{"line":63,"column":287}},"30":{"start":{"line":63,"column":260},"end":{"line":63,"column":287}},"31":{"start":{"line":63,"column":288},"end":{"line":63,"column":346}},"32":{"start":{"line":63,"column":351},"end":{"line":63,"column":560}},"33":{"start":{"line":63,"column":408},"end":{"line":63,"column":476}},"34":{"start":{"line":63,"column":424},"end":{"line":63,"column":476}},"35":{"start":{"line":63,"column":477},"end":{"line":63,"column":537}},"36":{"start":{"line":63,"column":494},"end":{"line":63,"column":537}},"37":{"start":{"line":63,"column":538},"end":{"line":63,"column":557}},"38":{"start":{"line":65,"column":1},"end":{"line":65,"column":258}},"39":{"start":{"line":65,"column":53},"end":{"line":65,"column":240}},"40":{"start":{"line":65,"column":98},"end":{"line":65,"column":124}},"41":{"start":{"line":65,"column":125},"end":{"line":65,"column":238}},"42":{"start":{"line":65,"column":151},"end":{"line":65,"column":236}},"43":{"start":{"line":65,"column":208},"end":{"line":65,"column":234}},"44":{"start":{"line":65,"column":241},"end":{"line":65,"column":255}},"45":{"start":{"line":67,"column":1},"end":{"line":67,"column":38}},"46":{"start":{"line":69,"column":1},"end":{"line":69,"column":46}},"47":{"start":{"line":71,"column":1},"end":{"line":71,"column":41}},"48":{"start":{"line":73,"column":1},"end":{"line":73,"column":54}},"49":{"start":{"line":75,"column":1},"end":{"line":75,"column":43}},"50":{"start":{"line":77,"column":1},"end":{"line":77,"column":56}},"51":{"start":{"line":79,"column":1},"end":{"line":79,"column":50}},"52":{"start":{"line":81,"column":1},"end":{"line":81,"column":72}},"53":{"start":{"line":83,"column":1},"end":{"line":83,"column":42}},"54":{"start":{"line":85,"column":1},"end":{"line":85,"column":56}},"55":{"start":{"line":87,"column":1},"end":{"line":87,"column":39}},"56":{"start":{"line":89,"column":1},"end":{"line":89,"column":50}},"57":{"start":{"line":91,"column":1},"end":{"line":91,"column":96}},"58":{"start":{"line":91,"column":40},"end":{"line":91,"column":94}},"59":{"start":{"line":93,"column":1},"end":{"line":93,"column":154}},"60":{"start":{"line":93,"column":51},"end":{"line":93,"column":152}},"61":{"start":{"line":93,"column":93},"end":{"line":93,"column":150}},"62":{"start":{"line":95,"column":1},"end":{"line":95,"column":241}},"63":{"start":{"line":95,"column":51},"end":{"line":95,"column":152}},"64":{"start":{"line":95,"column":64},"end":{"line":95,"column":150}},"65":{"start":{"line":95,"column":153},"end":{"line":95,"column":239}},"66":{"start":{"line":97,"column":1},"end":{"line":97,"column":495}},"67":{"start":{"line":97,"column":44},"end":{"line":97,"column":209}},"68":{"start":{"line":97,"column":107},"end":{"line":97,"column":207}},"69":{"start":{"line":97,"column":210},"end":{"line":97,"column":374}},"70":{"start":{"line":97,"column":375},"end":{"line":97,"column":493}},"71":{"start":{"line":97,"column":391},"end":{"line":97,"column":493}},"72":{"start":{"line":99,"column":1},"end":{"line":104,"column":3}},"73":{"start":{"line":105,"column":1},"end":{"line":105,"column":55}},"74":{"start":{"line":106,"column":1},"end":{"line":106,"column":51}},"75":{"start":{"line":107,"column":1},"end":{"line":107,"column":60}},"76":{"start":{"line":109,"column":1},"end":{"line":115,"column":2}},"77":{"start":{"line":110,"column":3},"end":{"line":110,"column":40}},"78":{"start":{"line":111,"column":3},"end":{"line":113,"column":6}},"79":{"start":{"line":112,"column":5},"end":{"line":112,"column":34}},"80":{"start":{"line":114,"column":3},"end":{"line":114,"column":20}},"81":{"start":{"line":117,"column":1},"end":{"line":212,"column":30}},"82":{"start":{"line":118,"column":3},"end":{"line":118,"column":43}},"83":{"start":{"line":120,"column":3},"end":{"line":139,"column":4}},"84":{"start":{"line":121,"column":5},"end":{"line":121,"column":14}},"85":{"start":{"line":123,"column":5},"end":{"line":123,"column":28}},"86":{"start":{"line":125,"column":5},"end":{"line":125,"column":39}},"87":{"start":{"line":127,"column":5},"end":{"line":129,"column":6}},"88":{"start":{"line":128,"column":7},"end":{"line":128,"column":36}},"89":{"start":{"line":131,"column":5},"end":{"line":138,"column":56}},"90":{"start":{"line":132,"column":7},"end":{"line":134,"column":8}},"91":{"start":{"line":133,"column":9},"end":{"line":133,"column":16}},"92":{"start":{"line":135,"column":7},"end":{"line":137,"column":10}},"93":{"start":{"line":141,"column":3},"end":{"line":209,"column":
[...]
 anyway, and creating them","\t   * is prohibitively expensive if they are created too often, such as what","\t   * happens in oneOfType() for any type before the one that matched.","\t   */","\t  function PropTypeError(message) {","\t    this.message = message;","\t    this.stack = '';","\t  }","\t  // Make `instanceof Error` still work for returned errors.","\t  PropTypeError.prototype = Error.prototype;","\t","\t  function createChainableTypeChecker(validate) {","\t    if (process.env.NODE_ENV !== 'production') {","\t      var manualPropTypeCallCache = {};","\t      var manualPropTypeWarningCount = 0;","\t    }","\t    function checkType(isRequired, props, propName, componentName, location, propFullName, secret) {","\t      componentName = componentName || ANONYMOUS;","\t      propFullName = propFullName || propName;","\t","\t      if (secret !== ReactPropTypesSecret) {","\t        if (throwOnDirectAccess) {","\t          // New behavior only for users of `prop-types` package","\t          invariant(","\t            false,","\t            'Calling PropTypes validators directly is not supported by the `prop-types` package. ' +","\t            'Use `PropTypes.checkPropTypes()` to call them. ' +","\t            'Read more at http://fb.me/use-check-prop-types'","\t          );","\t        } else if (process.env.NODE_ENV !== 'production' && typeof console !== 'undefined') {","\t          // Old behavior for people using React.PropTypes","\t          var cacheKey = componentName + ':' + propName;","\t          if (","\t            !manualPropTypeCallCache[cacheKey] &&","\t            // Avoid spamming the console because they are often not actionable except for lib authors","\t            manualPropTypeWarningCount < 3","\t          ) {","\t            warning(","\t              false,","\t              'You are manually calling a React.PropTypes validation ' +","\t              'function for the `%s` prop on `%s`. This is deprecated ' +","\t              'and will throw in the standalone `prop-types` package. ' +","\t              'You may be seeing this warning due to a third-party PropTypes ' +","\t              'library. See https://fb.me/react-warning-dont-call-proptypes ' + 'for details.',","\t              propFullName,","\t              componentName","\t            );","\t            manualPropTypeCallCache[cacheKey] = true;","\t            manualPropTypeWarningCount++;","\t          }","\t        }","\t      }","\t      if (props[propName] == null) {","\t        if (isRequired) {","\t          if (props[propName] === null) {","\t            return new PropTypeError('The ' + location + ' `' + propFullName + '` is marked as required ' + ('in `' + componentName + '`, but its value is `null`.'));","\t          }","\t          return new PropTypeError('The ' + location + ' `' + propFullName + '` is marked as required in ' + ('`' + componentName + '`, but its value is `undefined`.'));","\t        }","\t        return null;","\t      } else {","\t        return validate(props, propName, componentName, location, propFullName);","\t      }","\t    }","\t","\t    var chainedCheckType = checkType.bind(null, false);","\t    chainedCheckType.isRequired = checkType.bind(null, true);","\t","\t    return chainedCheckType;","\t  }","\t","\t  function createPrimitiveTypeChecker(expectedType) {","\t    function validate(props, propName, componentName, location, propFullName, secret) {","\t      var propValue = props[propName];","\t      var propType = getPropType(propValue);","\t      if (propType !== expectedType) {","\t        // `propValue` being instance of, say, date/regexp, pass the 'object'","\t        // check, but we can offer a more precise error message here rather than","\t        // 'of type `object`'.","\t        var preciseType = getPreciseType(propValue);","\t","\t        return new PropTypeError('Invalid ' + location + ' `' + propFullName + '` of type ' + ('`' + preciseType + '` supplied to `' + componentName + '`, expected ') + ('`' + expectedType + '`.'));","\t      }","\t      return null;","\t    }","\t    return createChainableTypeChecker(validate);","\t  }","\t","\t  function createAnyTypeChecker() {","\t    return createChainableTypeChecker(emptyFunction.thatReturnsNull);","\t  }","\t","\t  function createArrayOfTypeChecker(typeChecker) {","\t    function validate(props, propName, componentName, location, propFullName) {","\t      if (typeof typeChecker !== 'function') {","\t        return new PropTypeError('Property `' + propFullName + '` of component `' + componentName + '` has invalid PropType notation inside arrayOf.');","\t      }","\t      var propValue = props[propName];","\t      if (!Array.isArray(propValue)) {","\t        var propType = getPropType(propValue);","\t        return new PropTypeError('Invalid ' + location + ' `' + propFullName + '` of type ' + ('`' + propType + '` supplied to `' + componentName + '`, expected an array.'));","\t      }","\t      for (var i = 0; i < propValue.length; i++) {","\t        var error = typeChecker(propValue, i, componentName, location, propFullName + '[' + i + ']', ReactPropTypesSecret);","\t        if (error instanceof Error) {","\t          return error;","\t        }","\t      }","\t      return null;","\t    }","\t    return createChainableTypeChecker(validate);","\t  }","\t","\t  function createElementTypeChecker() {","\t    function validate(props, propName, componentName, location, propFullName) {","\t      var propValue = props[propName];","\t      if (!isValidElement(propValue)) {","\t        var propType = getPropType(propValue);","\t        return new PropTypeError('Invalid ' + location + ' `' + propFullName + '` of type ' + ('`' + propType + '` supplied to `' + componentName + '`, expected a single ReactElement.'));","\t      }","\t      return null;","\t    }","\t    return createChainableTypeChecker(validate);","\t  }","\t","\t  function createInstanceTypeChecker(expectedClass) {","\t    function validate(props, propName, componentName, location, propFullName) {","\t      if (!(props[propName] instanceof expectedClass)) {","\t        var expectedClassName = expectedClass.name || ANONYMOUS;","\t        var actualClassName = getClassName(props[propName]);","\t        return new PropTypeError('Invalid ' + location + ' `' + propFullName + '` of type ' + ('`' + actualClassName + '` supplied to `' + componentName + '`, expected ') + ('instance of `' + expectedClassName + '`.'));","\t      }","\t      return null;","\t    }","\t    return createChainableTypeChecker(validate);","\t  }","\t","\t  function createEnumTypeChecker(expectedValues) {","\t    if (!Array.isArray(expectedValues)) {","\t      process.env.NODE_ENV !== 'production' ? warning(false, 'Invalid argument supplied to oneOf, expected an instance of array.') : void 0;","\t      return emptyFunction.thatReturnsNull;","\t    }","\t","\t    function validate(props, propName, componentName, location, propFullName) {","\t      var propValue = props[propName];","\t      for (var i = 0; i < expectedValues.length; i++) {","\t        if (is(propValue, expectedValues[i])) {","\t          return null;","\t        }","\t      }","\t","\t      var valuesString = JSON.stringify(expectedValues);","\t      return new PropTypeError('Invalid ' + location + ' `' + propFullName + '` of value `' + propValue + '` ' + ('supplied to `' + componentName + '`, expected one of ' + valuesString + '.'));","\t    }","\t    return createChainableTypeChecker(validate);","\t  }","\t","\t  function createObjectOfTypeChecker(typeChecker) {","\t    function validate(props, propName, componentName, location, propFullName) {","\t      if (typeof typeChecker !== 'function') {","\t        return new PropTypeError('Property `' + propFullName + '` of component `' + componentName + '` has invalid PropType notation inside objectOf.');","\t      }","\t      var propValue = props[propName];","\t      var propType = getPropType(propValue);","\t      if (propType !== 'object') {","\t        return new PropTypeError('Invalid ' + location + ' `' + propFullName + '` of type ' + ('`' + propType + '` supplied to `' + componentName + '`, expected an object.'));","\t      }","\t      for (var key in propValue) {","\t        if (propValue.hasOwnProperty(key)) {","\t          var error = typeChecker(propValue, key, componentName, location, propFullName + '.' + key, ReactPropTypesSecret);","\t          if (error instanceof Error) {","\t            return error;","\t          }","\t        }","\t      }","\t      return null;","\t    }","\t    return createChainableTypeChecker(validate);","\t  }","\t","\t  function createUnionTypeChecker(arrayOfTypeCheckers) {","\t    if (!Array.isArray(arrayOfTypeCheckers)) {","\t      process.env.NODE_ENV !== 'production' ? warning(false, 'Invalid argument supplied to oneOfType, expected an instance of array.') : void 0;","\t      return emptyFunction.thatReturnsNull;","\t    }","\t","\t    function validate(props, propName, componentName, location, propFullName) {","\t      for (var i = 0; i < arrayOfTypeCheckers.length; i++) {","\t        var checker = arrayOfTypeCheckers[i];","\t        if (checker(props, propName, componentName, location, propFullName, ReactPropTypesSecret) == null) {","\t          return null;","\t        }","\t      }","\t","\t      return new PropTypeError('Invalid ' + location + ' `' + propFullName + '` supplied to ' + ('`' + componentName + '`.'));","\t    }","\t    return createChainableTypeChecker(validate);","\t  }","\t","\t  function createNodeChecker() {","\t    function validate(props, propName, componentName, location, propFullName) {","\t      if (!isNode(props[propName])) {","\t        return new PropTypeError('Invalid ' + location + ' `' + propFullName + '` supplied to ' + ('`' + componentName + '`, expected a ReactNode.'));","\t      }","\t      return null;","\t    }","\t    return createChainableTypeChecker(validate);","\t  }","\t","\t  function createShapeTypeChecker(shapeTypes) {","\t    function validate(props, propName, componentName, location, propFullName) {","\t      var propValue = props[propName];","\t      var propType = getPropType(propValue);","\t      if (propType !== 'object') {","\t        return new PropTypeError('Invalid ' + location + ' `' + propFullName + '` of type `' + propType + '` ' + ('supplied to `' + componentName + '`, expected `object`.'));","\t      }","\t      for (var key in shapeTypes) {","\t        var checker = shapeTypes[key];","\t        if (!checker) {","\t          continue;","\t        }","\t        var error = checker(propValue, key, componentName, location, propFullName + '.' + key, ReactPropTypesSecret);","\t        if (error) {","\t          return error;","\t        }","\t      }","\t      return null;","\t    }","\t    return createChainableTypeChecker(validate);","\t  }","\t","\t  function isNode(propValue) {","\t    switch (typeof propValue) {","\t      case 'number':","\t      case 'string':","\t      case 'undefined':","\t        return true;","\t      case 'boolean':","\t        return !propValue;","\t      case 'object':","\t        if (Array.isArray(propValue)) {","\t          return propValue.every(isNode);","\t        }","\t        if (propValue === null || isValidElement(propValue)) {","\t          return true;","\t        }","\t","\t        var iteratorFn = getIteratorFn(propValue);","\t        if (iteratorFn) {","\t          var iterator = iteratorFn.call(propValue);","\t          var step;","\t          if (iteratorFn !== propValue.entries) {","\t            while (!(step = iterator.next()).done) {","\t              if (!isNode(step.value)) {","\t                return false;","\t              }","\t            }","\t          } else {","\t            // Iterator will provide entry [k,v] tuples rather than values.","\t            while (!(step = iterator.next()).done) {","\t              var entry = step.value;","\t              if (entry) {","\t                if (!isNode(entry[1])) {","\t                  return false;","\t                }","\t              }","\t            }","\t          }","\t        } else {","\t          return false;","\t        }","\t","\t        return true;","\t      default:","\t        return false;","\t    }","\t  }","\t","\t  function isSymbol(propType, propValue) {","\t    // Native Symbol.","\t    if (propType === 'symbol') {","\t      return true;","\t    }","\t","\t    // 19.4.3.5 Symbol.prototype[@@toStringTag] === 'Symbol'","\t    if (propValue['@@toStringTag'] === 'Symbol') {","\t      return true;","\t    }","\t","\t    // Fallback for non-spec compliant Symbols which are polyfilled.","\t    if (typeof Symbol === 'function' && propValue instanceof Symbol) {","\t      return true;","\t    }","\t","\t    return false;","\t  }","\t","\t  // Equivalent of `typeof` but with special handling for array and regexp.","\t  function getPropType(propValue) {","\t    var propType = typeof propValue;","\t    if (Array.isArray(propValue)) {","\t      return 'array';","\t    }","\t    if (propValue instanceof RegExp) {","\t      // Old webkits (at least until Android 4.0) return 'function' rather than","\t      // 'object' for typeof a RegExp. We'll normalize this here so that /bla/","\t      // passes PropTypes.object.","\t      return 'object';","\t    }","\t    if (isSymbol(propType, propValue)) {","\t      return 'symbol';","\t    }","\t    return propType;","\t  }","\t","\t  // This handles more types than `getPropType`. Only used for error messages.","\t  // See `createPrimitiveTypeChecker`.","\t  function getPreciseType(propValue) {","\t    var propType = getPropType(propValue);","\t    if (propType === 'object') {","\t      if (propValue instanceof Date) {","\t        return 'date';","\t      } else if (propValue instanceof RegExp) {","\t        return 'regexp';","\t      }","\t    }","\t    return propType;","\t  }","\t","\t  // Returns class name of the object, if any.","\t  function getClassName(propValue) {","\t    if (!propValue.constructor || !propValue.constructor.name) {","\t      return ANONYMOUS;","\t    }","\t    return propValue.constructor.name;","\t  }","\t","\t  ReactPropTypes.checkPropTypes = checkPropTypes;","\t  ReactPropTypes.PropTypes = ReactPropTypes;","\t","\t  return ReactPropTypes;","\t};","\t","\t/* WEBPACK VAR INJECTION */}.call(exports, __webpack_require__(1)))","","/***/ }),","/* 15 */","/***/ (function(module, exports) {","","\tmodule.exports = __WEBPACK_EXTERNAL_MODULE_15__;","","/***/ })","/******/ ])","});",";","//# sourceMappingURL=react-responsive.js.map"],"l":{"1":1,"2":1,"3":1,"4":0,"5":0,"6":0,"7":0,"9":0,"11":1,"13":1,"16":1,"19":26,"20":11,"23":15,"30":15,"33":15,"36":15,"41":1,"44":1,"47":1,"50":1,"59":1,"63":5,"65":1,"67":1,"69":1,"71":1,"73":1,"75":1,"77":1,"79":1,"81":1,"83":1,"85":1,"87":1,"89":1,"91":6,"93":1,"95":1,"97":1,"99":1,"105":1,"106":1,"107":1,"109":1,"110":0,"111":0,"112":0,"114":0,"117":1,"118":1,"120":1,"121":0,"123":0,"125":0,"127":0,"128":0,"131":0,"132":0,"133":0,"135":0,"141":1,"144":0,"149":0,"154":0,"155":0,"156":0,"158":0,"161":0,"162":0,"165":0,"166":0,"167":0,"168":0,"172":0,"173":0,"176":0,"177":0,"178":0,"183":0,"188":0,"189":0,"192":0,"193":0,"195":0,"196":0,"197":0,"198":0,"199":0,"200":0,"201":0,"202":0,"203":0,"204":0,"206":0,"211":1,"214":1,"215":1,"218":1,"219":1,"226":1,"233":1,"234":1,"236":1,"237":0,"239":1,"240":0,"242":1,"243":1,"244":1,"245":1,"247":0,"250":0,"252":1,"253":1,"254":1,"256":0,"259":0,"262":1,"263":0,"265":0,"268":0,"269":0,"270":0,"272":0,"274":0,"276":0,"278":0,"281":0,"287":1,"288":0,"290":0,"293":0,"294":0,"295":0,"297":0,"299":0,"301":0,"303":0,"307":0,"314":1,"315":1,"316":1,"317":1,"319":1,"320":0,"321":0,"323":0,"324":0,"325":0,"327":0,"329":0,"330":0,"334":1,"335":0,"336":0,"338":0,"339":0,"341":0,"342":0,"343":0,"344":0,"345":0,"346":0,"347":0,"350":0,"351":0,"353":0,"354":0,"355":0,"358":1,"359":0,"360":0,"361":0,"362":0,"365":0,"366":0,"367":0,"372":1,"373":0,"374":0,"376":1,"377":0,"379":1,"380":1,"381":1,"382":1,"383":1,"384":1,"386":1,"388":1,"389":1,"390":1,"391":1,"392":1,"393":1,"394":1,"396":1,"397":0,"400":1,"401":1,"402":0,"404":1,"424":1,"425":3,"426":0,"435":1,"437":1,"438":1,"439":1,"440":1,"441":1,"442":0,"444":1,"445":0,"448":1,"454":1,"477":1,"479":1,"480":1,"481":0,"482":0,"487":1,"488":0,"490":0,"491":0,"492":0,"493":0,"495":0,"496":0,"497":0,"498":0,"500":0,"503":0,"504":0,"508":1,"517":1,"521":1,"523":1,"525":1,"527":1,"529":1,"532":1,"555":1,"586":1,"600":1,"603":1,"605":1,"611":1,"617":1,"629":1,"638":1,"640":1,"641":1,"642":1,"643":0,"644":0,"647":0,"648":0,"649":0,"651":0,"652":0,"654":0,"658":0,"662":1,"663":0,"664":0,"667":0,"668":0,"671":0,"672":0,"673":0,"676":0,"682":1,"691":1,"692":1,"693":1,"695":1,"696":0,"704":1,"711":1,"720":1,"721":1,"726":1,"727":0,"734":1,"735":1,"739":0,"759":1,"761":1,"770":1,"774":1,"775":0,"776":0,"777":0,"778":0,"779":0,"782":0,"785":1,"787":1,"789":1,"791":1,"793":2,"795":1,"796":0,"799":1,"800":0,"803":0,"804":0,"806":0,"807":0,"809":0,"810":0,"812":0,"815":1,"816":0,"819":1,"833":1,"834":1,"838":1,"844":1,"845":0,"846":0,"850":0,"853":0,"854":0,"857":0,"858":0,"864":0,"866":0,"869":0,"875":0,"876":0,"877":0,"880":0,"881":0,"882":0,"887":0,"888":0,"889":0,"895":0,"896":0,"897":0,"900":0,"901":0,"902":0,"903":0,"907":0,"911":1,"912":0,"913":0,"915":0,"921":0,"922":0,"925":0,"927":0,"928":0,"931":0,"938":0,"944":1,"945":0,"948":0,"949":0,"950":0,"953":0,"956":1,"957":0,"960":0,"961":0,"962":0,"963":0,"967":1,"968":0,"971":0,"972":0,"973":0,"974":0,"975":0,"976":0,"977":0,"978":0,"979":0,"990":1,"991":1,"994":1,"995":0,"996":0,"997":0,"998":0,"999":0,"1001":0,"1003":0,"1004":0,"1007":0,"1008":0,"1010":1,"1011":0,"1012":0,"1016":1,"1017":0,"1018":0,"1023":1,"1024":0,"1025":0,"1029":1,"1030":0,"1033":1,"1040":1,"1051":1,"1052":1,"1053":1,"1054":1,"1055":1,"1069":1,"1070":0,"1071":0,"1072":0,"1073":0,"1077":0,"1080":0,"1081":0,"1083":0,"1085":0,"1086":0,"1089":0,"1091":0,"1093":0,"1100":1,"1119":0,"1120":0,"1122":0,"1125":1,"1126":0,"1133":0,"1134":1,"1135":0,"1137":0,"1157":0,"1158":0,"1160":0,"1168":1,"1179":1,"1180":1,"1181":1,"1183":1,"1184":1,"1186":1,"1188":1,"1189":1,"1205":1,"1206":0,"1207":0,"1208":0,"1259":1,"1263":1,"1288":1,"1290":0,"1293":0,"1296":0,"1308":1,"1309":0,"1310":0,"1313":1,"1315":1,"1316":15,"1317":15,"1318":15,"1320":1,"1321":0,"1322":0,"1324":0,"1325":0,"1327":0,"1333":0,"1335":0,"1336":0,"1341":0,"1351":0,"1352":0,"1356":0,"1357":0,"1358":0,"1359":0,"1361":0,"1363":0,"1365":0,"1369":15,"1370":15,"1372":15,"1375":1,"1376":1,"1377":0,"1378":0,"1379":0,"1383":0,"1385":0,"1387":0,"1389":7,"1392":1,"1393":1,"1396":1,"1397":1,"1398":0,"1399":0,"1401":0,"1402":0,"1403":0,"1404":0,"1406":0,"1407":0,"1408":0,"1409":0,"1412":0,"1414":0,"1417":1,"1418":1,"1419":0,"1420":0,"1421":0,"1422":0,"1424":0,"1426":1,"1429":1,"1430":1,"1431":0,"1432":0,"1433":0,"1434":0,"1436":0,"1438":0,"1441":1,"1442":2,"1443":0,"1444":0,"1447":1,"1448":0,"1449":0,"1450":0,"1451":0,"1455":0,"1456":0,"1458":2,"1461":1,"1462":1,"1463":0,"1464":0,"1466":0,"1467":0,"1468":0,"1469":0,"1471":0,"1472":0,"1473":0,"1474":0,"1475":0,"1479":0,"1481":0,"1484":1,"1485":2,"1486":0,"1487":0,"1490":1,"1491":0,"1492":0,"1493":0,"1494":0,"1498":0,"1500":2,"1503":1,"1504":1,"1505":0,"1506":0,"1508":0,"1510":1,"1513":1,"1514":1,"1515":0,"1516":0,"1517":0,"1518":0,"1520":0,"1521":0,"1522":0,"1523":0,"1525":0,"1526":0,"1527":0,"1530":0,"1532":1,"1535":1,"1536":0,"1540":0,"1542":0,"1544":0,"1545":0,"1547":0,"1548":0,"1551":0,"1552":0,"1553":0,"1554":0,"1555":0,"1556":0,"1557":0,"1558":0,"1563":0,"1564":0,"1565":0,"1566":0,"1567":0,"1573":0,"1576":0,"1578":0,"1582":1,"1584":0,"1585":0,"1589":0,"1590":0,"1594":0,"1595":0,"1598":0,"1602":1,"1603":0,"1604":0,"1605":0,"1607":0,"1611":0,"1613":0,"1614":0,"1616":0,"1621":1,"1622":0,"1623":0,"1624":0,"1625":0,"1626":0,"1627":0,"1630":0,"1634":1,"1635":0,"1636":0,"1638":0,"1641":1,"1642":1,"1644":1,"1653":1}}}